2022-09-12 14:17:53,567 - [INFO] - __main__ - main(91) - Начало выполнения программы
2022-09-12 14:17:55,855 - [INFO] - undetected_chromedriver.patcher - patch_exe(231) - patching driver executable C:\Users\user\appdata\roaming\undetected_chromedriver\6955deddcc9fd7e5_chromedriver.exe
2022-09-12 14:17:59,746 - [INFO] - ERKNM - __init__(52) - Начало авторизации
2022-09-12 14:18:10,786 - [INFO] - ERKNM - autorize(114) - Autorization successfull completed!
2022-09-12 14:18:10,787 - [INFO] - ERKNM - Controller(65) - functools.partial(<bound method erknm.autorize of <ERKNM.erknm object at 0x00000249EF0AC2E0>>) прошла с 1 раза
2022-09-12 14:18:10,787 - [INFO] - ERKNM - enter_knms_in_erknm(120) - Ready knms list to enter in erknm
2022-09-12 14:18:10,887 - [INFO] - ERKNM - add_knm_visited(1087) - 
2022-09-12 14:18:10,887 - [INFO] - ERKNM - add_knm_visited(1088) - выездная|МБОУ "Лицей № 165 имени 65- летия ГАЗ" (бассейн)
2022-09-12 14:18:10,887 - [INFO] - ERKNM - add_knm_visited(1089) - 
2022-09-12 14:18:10,887 - [INFO] - ERKNM - add_knm_visited(1121) - вставляем наименование органа контроля
2022-09-12 14:18:13,062 - [INFO] - ERKNM - add_knm_visited(1132) - вставка наименования органа контроля прошла успешно
2022-09-12 14:18:13,062 - [INFO] - ERKNM - add_knm_visited(1136) - вставляем Вид контроля
2022-09-12 14:18:13,244 - [INFO] - ERKNM - add_knm_visited(1145) - вставка Вид контроля прошла успешно
2022-09-12 14:18:13,244 - [INFO] - ERKNM - add_knm_visited(1149) - вставляем Вид КНМ
2022-09-12 14:18:23,963 - [INFO] - ERKNM - add_knm_visited(1159) - вставка Вид КНМ прошла успешно
2022-09-12 14:18:23,963 - [INFO] - ERKNM - add_knm_visited(1163) - вставляем Характер КНМ
2022-09-12 14:18:35,219 - [INFO] - ERKNM - add_knm_visited(1180) - вставка Характер КНМ прошла успешно
2022-09-12 14:18:35,219 - [INFO] - ERKNM - add_knm_visited(1185) - вставляем Номер плана
2022-09-12 14:18:39,866 - [INFO] - ERKNM - add_knm_visited(1193) - вставка Номер плана прошла успешно
2022-09-12 14:18:39,866 - [INFO] - ERKNM - add_knm_visited(1197) - вставляем Дата начала КНМ
2022-09-12 14:18:43,466 - [INFO] - ERKNM - add_knm_visited(1208) - вставка Дата начала КНМ прошла успешно
2022-09-12 14:18:43,467 - [INFO] - ERKNM - add_knm_visited(1212) - вставляем Дата окончания КНМ
2022-09-12 14:18:48,117 - [INFO] - ERKNM - add_knm_visited(1223) - вставка Дата окончания КНМ прошла успешно
2022-09-12 14:18:48,117 - [INFO] - ERKNM - add_knm_visited(1227) - вставляем Cрок проведения (дней)
2022-09-12 14:18:49,204 - [INFO] - ERKNM - add_knm_visited(1236) - вставка Cрок проведения (дней) прошла успешно
2022-09-12 14:18:49,204 - [INFO] - ERKNM - add_knm_visited(1240) - вставляем Срок непосредственного взаимодействия (часов)
2022-09-12 14:18:50,072 - [INFO] - ERKNM - add_knm_visited(1249) - вставка Срок непосредственного взаимодействия (часов) прошла успешно
2022-09-12 14:18:50,072 - [INFO] - ERKNM - add_knm_visited(1253) - вставляем Основания включения в план
2022-09-12 14:18:53,895 - [INFO] - ERKNM - add_knm_visited(1279) - вставка Основания включения в план прошла успешно
2022-09-12 14:18:53,895 - [INFO] - ERKNM - add_knm_visited(1283) - вставляем Наименование прокуратуры
2022-09-12 14:18:54,755 - [INFO] - ERKNM - add_knm_visited(1293) - вставка Наименование прокуратуры прошла успешно
2022-09-12 14:18:54,755 - [INFO] - ERKNM - add_knm_visited(1297) - вставляем Основной государственный регистрационный номер (ОГРН)
2022-09-12 14:19:01,805 - [INFO] - ERKNM - add_knm_visited(1307) - вставка Основной государственный регистрационный номер (ОГРН) прошла успешно
2022-09-12 14:19:05,127 - [INFO] - ERKNM - add_knm_visited(1316) - выбор варианта выпадающего списка после регистрационного номера (ОГРН) прошел успешно!
2022-09-12 14:19:05,128 - [INFO] - ERKNM - add_knm_visited(1335) - выбираем тип для объекта школа
2022-09-12 14:19:06,771 - [INFO] - ERKNM - add_knm_visited(1338) - выбор тип для объекта школа прошел успешно
2022-09-12 14:19:07,023 - [INFO] - ERKNM - add_knm_visited(1346) - выбираем вид для объекта школа
2022-09-12 14:19:08,018 - [INFO] - ERKNM - add_knm_visited(1350) - выбор вид для объекта школа прошел успешно
2022-09-12 14:19:08,284 - [INFO] - ERKNM - add_knm_visited(1357) - выбираем Категория риска для объекта школа
2022-09-12 14:19:09,155 - [INFO] - ERKNM - add_knm_visited(1361) - выбор Категория риска для объекта школа прошел успешно
2022-09-12 14:19:09,416 - [INFO] - ERKNM - add_knm_visited(1368) - выбираем Класс опасности для объекта школа
2022-09-12 14:19:10,217 - [INFO] - ERKNM - add_knm_visited(1372) - выбор Класс опасности для объекта школа прошел успешно
2022-09-12 14:19:21,251 - [WARNING] - ERKNM - add_knm_visited(1400) - Добавление Перечень действий, осуществляемый в рамках КНМ не прошло: Message: stale element reference: element is not attached to the page document
  (Session info: headless chrome=105.0.5195.102)
Stacktrace:
Backtrace:
	Ordinal0 [0x009FDF13+2219795]
	Ordinal0 [0x00992841+1779777]
	Ordinal0 [0x008A423D+803389]
	Ordinal0 [0x008A6D04+814340]
	Ordinal0 [0x008A6BC2+814018]
	Ordinal0 [0x008A6E50+814672]
	Ordinal0 [0x008D4A2E+1002030]
	Ordinal0 [0x008C99ED+956909]
	Ordinal0 [0x008EE7FC+1107964]
	Ordinal0 [0x008C94B4+955572]
	Ordinal0 [0x008EEA14+1108500]
	Ordinal0 [0x008FF192+1175954]
	Ordinal0 [0x008EE616+1107478]
	Ordinal0 [0x008C7F89+950153]
	Ordinal0 [0x008C8F56+954198]
	GetHandleVerifier [0x00CF2CB2+3040210]
	GetHandleVerifier [0x00CE2BB4+2974420]
	GetHandleVerifier [0x00A96A0A+565546]
	GetHandleVerifier [0x00A95680+560544]
	Ordinal0 [0x00999A5C+1808988]
	Ordinal0 [0x0099E3A8+1827752]
	Ordinal0 [0x0099E495+1827989]
	Ordinal0 [0x009A80A4+1867940]
	BaseThreadInitThunk [0x75D5FA29+25]
	RtlGetAppContainerNamedObjectPath [0x77E47A9E+286]
	RtlGetAppContainerNamedObjectPath [0x77E47A6E+238]

2022-09-12 14:19:29,315 - [INFO] - ERKNM - add_knm_visited(1408) - Добавлено Перечень действий, осуществляемый в рамках КНМ прошел успешно
2022-09-12 14:26:55,687 - [INFO] - __main__ - main(91) - Начало выполнения программы
2022-09-12 14:26:58,019 - [INFO] - undetected_chromedriver.patcher - patch_exe(231) - patching driver executable C:\Users\user\appdata\roaming\undetected_chromedriver\f522e0689a91a9ea_chromedriver.exe
2022-09-12 14:27:09,864 - [INFO] - ERKNM - __init__(52) - Начало авторизации
2022-09-12 14:27:31,165 - [INFO] - ERKNM - autorize(114) - Autorization successfull completed!
2022-09-12 14:27:31,165 - [INFO] - ERKNM - Controller(65) - functools.partial(<bound method erknm.autorize of <ERKNM.erknm object at 0x000001F07D57C340>>) прошла с 1 раза
2022-09-12 14:27:31,165 - [INFO] - ERKNM - enter_knms_in_erknm(120) - Ready knms list to enter in erknm
2022-09-12 14:27:31,315 - [INFO] - ERKNM - add_knm_visited(1087) - 
2022-09-12 14:27:31,315 - [INFO] - ERKNM - add_knm_visited(1088) - выездная|МБОУ "Лицей № 165 имени 65- летия ГАЗ" (бассейн)
2022-09-12 14:27:31,315 - [INFO] - ERKNM - add_knm_visited(1089) - 
2022-09-12 14:27:31,315 - [INFO] - ERKNM - add_knm_visited(1121) - вставляем наименование органа контроля
2022-09-12 14:27:33,494 - [INFO] - ERKNM - add_knm_visited(1132) - вставка наименования органа контроля прошла успешно
2022-09-12 14:27:33,495 - [INFO] - ERKNM - add_knm_visited(1136) - вставляем Вид контроля
2022-09-12 14:27:33,766 - [INFO] - ERKNM - add_knm_visited(1145) - вставка Вид контроля прошла успешно
2022-09-12 14:27:33,766 - [INFO] - ERKNM - add_knm_visited(1149) - вставляем Вид КНМ
2022-09-12 14:27:44,364 - [INFO] - ERKNM - add_knm_visited(1159) - вставка Вид КНМ прошла успешно
2022-09-12 14:27:44,364 - [INFO] - ERKNM - add_knm_visited(1163) - вставляем Характер КНМ
2022-09-12 14:27:54,419 - [INFO] - ERKNM - add_knm_visited(1180) - вставка Характер КНМ прошла успешно
2022-09-12 14:27:54,419 - [INFO] - ERKNM - add_knm_visited(1185) - вставляем Номер плана
2022-09-12 14:27:58,873 - [INFO] - ERKNM - add_knm_visited(1193) - вставка Номер плана прошла успешно
2022-09-12 14:27:58,873 - [INFO] - ERKNM - add_knm_visited(1197) - вставляем Дата начала КНМ
2022-09-12 14:28:02,430 - [INFO] - ERKNM - add_knm_visited(1208) - вставка Дата начала КНМ прошла успешно
2022-09-12 14:28:02,431 - [INFO] - ERKNM - add_knm_visited(1212) - вставляем Дата окончания КНМ
2022-09-12 14:28:06,936 - [INFO] - ERKNM - add_knm_visited(1223) - вставка Дата окончания КНМ прошла успешно
2022-09-12 14:28:06,936 - [INFO] - ERKNM - add_knm_visited(1227) - вставляем Cрок проведения (дней)
2022-09-12 14:28:07,759 - [INFO] - ERKNM - add_knm_visited(1236) - вставка Cрок проведения (дней) прошла успешно
2022-09-12 14:28:07,759 - [INFO] - ERKNM - add_knm_visited(1240) - вставляем Срок непосредственного взаимодействия (часов)
2022-09-12 14:28:08,571 - [INFO] - ERKNM - add_knm_visited(1249) - вставка Срок непосредственного взаимодействия (часов) прошла успешно
2022-09-12 14:28:08,571 - [INFO] - ERKNM - add_knm_visited(1253) - вставляем Основания включения в план
2022-09-12 14:28:12,318 - [INFO] - ERKNM - add_knm_visited(1279) - вставка Основания включения в план прошла успешно
2022-09-12 14:28:12,318 - [INFO] - ERKNM - add_knm_visited(1283) - вставляем Наименование прокуратуры
2022-09-12 14:28:13,457 - [INFO] - ERKNM - add_knm_visited(1293) - вставка Наименование прокуратуры прошла успешно
2022-09-12 14:28:13,457 - [INFO] - ERKNM - add_knm_visited(1297) - вставляем Основной государственный регистрационный номер (ОГРН)
2022-09-12 14:28:20,279 - [INFO] - ERKNM - add_knm_visited(1307) - вставка Основной государственный регистрационный номер (ОГРН) прошла успешно
2022-09-12 14:28:23,554 - [INFO] - ERKNM - add_knm_visited(1316) - выбор варианта выпадающего списка после регистрационного номера (ОГРН) прошел успешно!
2022-09-12 14:28:23,554 - [INFO] - ERKNM - add_knm_visited(1335) - выбираем тип для объекта школа
2022-09-12 14:28:25,164 - [INFO] - ERKNM - add_knm_visited(1338) - выбор тип для объекта школа прошел успешно
2022-09-12 14:28:25,430 - [INFO] - ERKNM - add_knm_visited(1346) - выбираем вид для объекта школа
2022-09-12 14:28:26,326 - [INFO] - ERKNM - add_knm_visited(1350) - выбор вид для объекта школа прошел успешно
2022-09-12 14:28:26,589 - [INFO] - ERKNM - add_knm_visited(1357) - выбираем Категория риска для объекта школа
2022-09-12 14:28:27,403 - [INFO] - ERKNM - add_knm_visited(1361) - выбор Категория риска для объекта школа прошел успешно
2022-09-12 14:28:27,656 - [INFO] - ERKNM - add_knm_visited(1368) - выбираем Класс опасности для объекта школа
2022-09-12 14:28:28,470 - [INFO] - ERKNM - add_knm_visited(1372) - выбор Класс опасности для объекта школа прошел успешно
2022-09-12 14:29:14,787 - [INFO] - ERKNM - add_knm_visited(1398) - Добавлено Перечень действий, осуществляемый в рамках КНМ прошел успешно
2022-09-12 14:29:22,851 - [INFO] - ERKNM - add_knm_visited(1408) - Добавлено Перечень действий, осуществляемый в рамках КНМ прошел успешно
2022-09-12 14:53:22,822 - [INFO] - ERKNM - add_knm_visited(1441) - Нажимаем отметка об использовании проверочного листа
2022-09-12 14:53:23,871 - [INFO] - ERKNM - add_knm_visited(1447) - Нажатие отметки об использовании проверочного листа прошла успешно
2022-09-12 14:53:23,902 - [INFO] - ERKNM - add_knm_visited(1460) - Добавляем проверочный лист
2022-09-12 14:53:24,630 - [INFO] - ERKNM - add_knm_visited(1466) - Добавляем проверочный лист прошла успешно
2022-09-12 14:53:25,142 - [INFO] - ERKNM - add_knm_visited(1460) - Добавляем проверочный лист
2022-09-12 14:53:25,524 - [INFO] - ERKNM - add_knm_visited(1466) - Добавляем проверочный лист прошла успешно
2022-09-12 14:53:26,039 - [INFO] - ERKNM - add_knm_visited(1470) - выбираем проверочный лист
2022-09-12 14:53:26,928 - [WARNING] - ERKNM - add_knm_visited(1480) - Выбор проверочных листов не прошел: Message: stale element reference: element is not attached to the page document
  (Session info: chrome=105.0.5195.102)
Stacktrace:
Backtrace:
	Ordinal0 [0x0094DF13+2219795]
	Ordinal0 [0x008E2841+1779777]
	Ordinal0 [0x007F423D+803389]
	Ordinal0 [0x007F6D04+814340]
	Ordinal0 [0x007F6BC2+814018]
	Ordinal0 [0x007F6E50+814672]
	Ordinal0 [0x00829767+1021799]
	Ordinal0 [0x008274CB+1012939]
	Ordinal0 [0x008254AB+1004715]
	Ordinal0 [0x00824117+999703]
	Ordinal0 [0x00819B76+957302]
	Ordinal0 [0x0083E7FC+1107964]
	Ordinal0 [0x008194B4+955572]
	Ordinal0 [0x0083EA14+1108500]
	Ordinal0 [0x0084F192+1175954]
	Ordinal0 [0x0083E616+1107478]
	Ordinal0 [0x00817F89+950153]
	Ordinal0 [0x00818F56+954198]
	GetHandleVerifier [0x00C42CB2+3040210]
	GetHandleVerifier [0x00C32BB4+2974420]
	GetHandleVerifier [0x009E6A0A+565546]
	GetHandleVerifier [0x009E5680+560544]
	Ordinal0 [0x008E9A5C+1808988]
	Ordinal0 [0x008EE3A8+1827752]
	Ordinal0 [0x008EE495+1827989]
	Ordinal0 [0x008F80A4+1867940]
	BaseThreadInitThunk [0x75D5FA29+25]
	RtlGetAppContainerNamedObjectPath [0x77E47A9E+286]
	RtlGetAppContainerNamedObjectPath [0x77E47A6E+238]

2022-09-12 14:53:32,508 - [INFO] - ERKNM - add_knm_visited(1483) - Выбор всех проверочных листов успешно завершен
2022-09-12 14:53:32,508 - [INFO] - ERKNM - add_knm_visited(1488) - Добавляем места проведения контрольного (надзорного) мероприятия
2022-09-12 14:53:33,197 - [INFO] - ERKNM - add_knm_visited(1494) - Добавление места проведения контрольного (надзорного) мероприятия прошла успешно
2022-09-12 14:53:33,719 - [INFO] - ERKNM - add_knm_visited(1499) - Вставляем места проведения контрольного (надзорного) мероприятия
2022-09-12 14:53:46,868 - [INFO] - ERKNM - add_knm_visited(1507) - Вставляем места проведения контрольного (надзорного) мероприятия прошла успешно
2022-09-12 14:54:39,568 - [INFO] - ERKNM - save_proverka(1521) - Сохранение проверки прошло успешно
2022-09-12 14:54:50,438 - [WARNING] - ERKNM - save_proverka(1550) - Получение номера и статуса проверки кнм не прошла: Message: no such element: Unable to locate element: {"method":"css selector","selector":".KnmHeader_Title__vO5Qr"}
  (Session info: chrome=105.0.5195.102)
Stacktrace:
Backtrace:
	Ordinal0 [0x0094DF13+2219795]
	Ordinal0 [0x008E2841+1779777]
	Ordinal0 [0x007F423D+803389]
	Ordinal0 [0x00823025+995365]
	Ordinal0 [0x008231EB+995819]
	Ordinal0 [0x00850F52+1183570]
	Ordinal0 [0x0083E844+1108036]
	Ordinal0 [0x0084F192+1175954]
	Ordinal0 [0x0083E616+1107478]
	Ordinal0 [0x00817F89+950153]
	Ordinal0 [0x00818F56+954198]
	GetHandleVerifier [0x00C42CB2+3040210]
	GetHandleVerifier [0x00C32BB4+2974420]
	GetHandleVerifier [0x009E6A0A+565546]
	GetHandleVerifier [0x009E5680+560544]
	Ordinal0 [0x008E9A5C+1808988]
	Ordinal0 [0x008EE3A8+1827752]
	Ordinal0 [0x008EE495+1827989]
	Ordinal0 [0x008F80A4+1867940]
	BaseThreadInitThunk [0x75D5FA29+25]
	RtlGetAppContainerNamedObjectPath [0x77E47A9E+286]
	RtlGetAppContainerNamedObjectPath [0x77E47A6E+238]

2022-09-12 14:54:50,470 - [INFO] - ERKNM - enter_knms_in_erknm(132) - ('выездная|МБОУ "Лицей № 165 имени 65- летия ГАЗ" (бассейн)', {'школа': {'адрес': '603138, г.Нижний Новгород, ул.Строкина, 7', 'начало проверки': '2023-03-13 00:00:00', 'окончание проверки': '2023-03-24 00:00:00', 'ОГРН': '1025202269278', 'деятельность': 'общеобразовательные организации', 'категория риска': 'чрезвычайно высокий риск', 'класс опасности': 'Второй', 'дата последнего планового кнм': '2022-03-24 00:00:00', 'строчка': 7}}) has been entered in erknm!
2022-09-12 14:54:50,892 - [INFO] - ERKNM - enter_knms_in_erknm(142) - номер кнм выездная|МБОУ "Лицей № 165 имени 65- летия ГАЗ" (бассейн)  --->>>  None, status   --->>>  None
2022-09-12 14:54:54,136 - [INFO] - ERKNM - add_knm_visited(1087) - 
2022-09-12 14:54:54,136 - [INFO] - ERKNM - add_knm_visited(1088) - выездная|МБДОУ "Детский сад № 325" (бассейн)
2022-09-12 14:54:54,136 - [INFO] - ERKNM - add_knm_visited(1089) - 
2022-09-12 14:54:54,136 - [INFO] - ERKNM - add_knm_visited(1121) - вставляем наименование органа контроля
2022-09-12 14:54:56,168 - [INFO] - ERKNM - add_knm_visited(1132) - вставка наименования органа контроля прошла успешно
2022-09-12 14:54:56,168 - [INFO] - ERKNM - add_knm_visited(1136) - вставляем Вид контроля
2022-09-12 14:54:56,386 - [INFO] - ERKNM - add_knm_visited(1145) - вставка Вид контроля прошла успешно
2022-09-12 14:54:56,386 - [INFO] - ERKNM - add_knm_visited(1149) - вставляем Вид КНМ
2022-09-12 14:54:59,538 - [WARNING] - __main__ - <module>(118) - ОШИБКА ИСПОЛНЕНИЯ ПРОГРАММЫ! ('Connection aborted.', ConnectionResetError(10054, 'Удаленный хост принудительно разорвал существующее подключение', None, 10054, None))
2022-09-12 14:54:59,538 - [INFO] - __main__ - main(91) - Начало выполнения программы
2022-09-12 15:01:23,242 - [INFO] - __main__ - main(91) - Начало выполнения программы
2022-09-12 15:01:25,798 - [INFO] - undetected_chromedriver.patcher - patch_exe(231) - patching driver executable C:\Users\user\appdata\roaming\undetected_chromedriver\a31f4698166bef41_chromedriver.exe
2022-09-12 15:01:42,233 - [INFO] - ERKNM - __init__(52) - Начало авторизации
2022-09-12 15:01:57,634 - [INFO] - ERKNM - autorize(114) - Autorization successfull completed!
2022-09-12 15:01:57,635 - [INFO] - ERKNM - Controller(65) - functools.partial(<bound method erknm.autorize of <ERKNM.erknm object at 0x000001F6904B4070>>) прошла с 1 раза
2022-09-12 15:01:57,635 - [INFO] - ERKNM - enter_knms_in_erknm(120) - Ready knms list to enter in erknm
2022-09-12 15:01:57,764 - [INFO] - ERKNM - add_knm_visited(1087) - 
2022-09-12 15:01:57,764 - [INFO] - ERKNM - add_knm_visited(1088) - выездная|МБОУ "Лицей № 165 имени 65- летия ГАЗ" (бассейн)
2022-09-12 15:01:57,764 - [INFO] - ERKNM - add_knm_visited(1089) - 
2022-09-12 15:01:57,764 - [INFO] - ERKNM - add_knm_visited(1121) - вставляем наименование органа контроля
2022-09-12 15:01:59,468 - [INFO] - ERKNM - add_knm_visited(1132) - вставка наименования органа контроля прошла успешно
2022-09-12 15:01:59,468 - [INFO] - ERKNM - add_knm_visited(1136) - вставляем Вид контроля
2022-09-12 15:01:59,861 - [INFO] - ERKNM - add_knm_visited(1145) - вставка Вид контроля прошла успешно
2022-09-12 15:01:59,861 - [INFO] - ERKNM - add_knm_visited(1149) - вставляем Вид КНМ
2022-09-12 15:02:10,553 - [INFO] - ERKNM - add_knm_visited(1159) - вставка Вид КНМ прошла успешно
2022-09-12 15:02:10,554 - [INFO] - ERKNM - add_knm_visited(1163) - вставляем Характер КНМ
2022-09-12 15:02:21,082 - [INFO] - ERKNM - add_knm_visited(1180) - вставка Характер КНМ прошла успешно
2022-09-12 15:02:21,082 - [INFO] - ERKNM - add_knm_visited(1185) - вставляем Номер плана
2022-09-12 15:02:25,565 - [INFO] - ERKNM - add_knm_visited(1193) - вставка Номер плана прошла успешно
2022-09-12 15:02:25,565 - [INFO] - ERKNM - add_knm_visited(1197) - вставляем Дата начала КНМ
2022-09-12 15:02:29,817 - [INFO] - ERKNM - add_knm_visited(1208) - вставка Дата начала КНМ прошла успешно
2022-09-12 15:02:29,817 - [INFO] - ERKNM - add_knm_visited(1212) - вставляем Дата окончания КНМ
2022-09-12 15:02:33,584 - [INFO] - ERKNM - add_knm_visited(1223) - вставка Дата окончания КНМ прошла успешно
2022-09-12 15:02:33,584 - [INFO] - ERKNM - add_knm_visited(1227) - вставляем Cрок проведения (дней)
2022-09-12 15:02:34,410 - [INFO] - ERKNM - add_knm_visited(1236) - вставка Cрок проведения (дней) прошла успешно
2022-09-12 15:02:34,410 - [INFO] - ERKNM - add_knm_visited(1240) - вставляем Срок непосредственного взаимодействия (часов)
2022-09-12 15:02:35,256 - [INFO] - ERKNM - add_knm_visited(1249) - вставка Срок непосредственного взаимодействия (часов) прошла успешно
2022-09-12 15:02:35,256 - [INFO] - ERKNM - add_knm_visited(1253) - вставляем Основания включения в план
2022-09-12 15:02:38,977 - [INFO] - ERKNM - add_knm_visited(1279) - вставка Основания включения в план прошла успешно
2022-09-12 15:02:38,977 - [INFO] - ERKNM - add_knm_visited(1283) - вставляем Наименование прокуратуры
2022-09-12 15:02:40,341 - [INFO] - ERKNM - add_knm_visited(1293) - вставка Наименование прокуратуры прошла успешно
2022-09-12 15:02:40,341 - [INFO] - ERKNM - add_knm_visited(1297) - вставляем Основной государственный регистрационный номер (ОГРН)
2022-09-12 15:02:47,163 - [INFO] - ERKNM - add_knm_visited(1307) - вставка Основной государственный регистрационный номер (ОГРН) прошла успешно
2022-09-12 15:02:50,446 - [INFO] - ERKNM - add_knm_visited(1316) - выбор варианта выпадающего списка после регистрационного номера (ОГРН) прошел успешно!
2022-09-12 15:02:50,446 - [INFO] - ERKNM - add_knm_visited(1335) - выбираем тип для объекта школа
2022-09-12 15:02:52,034 - [INFO] - ERKNM - add_knm_visited(1338) - выбор тип для объекта школа прошел успешно
2022-09-12 15:02:52,290 - [INFO] - ERKNM - add_knm_visited(1346) - выбираем вид для объекта школа
2022-09-12 15:02:53,212 - [INFO] - ERKNM - add_knm_visited(1350) - выбор вид для объекта школа прошел успешно
2022-09-12 15:02:53,475 - [INFO] - ERKNM - add_knm_visited(1357) - выбираем Категория риска для объекта школа
2022-09-12 15:02:54,345 - [INFO] - ERKNM - add_knm_visited(1361) - выбор Категория риска для объекта школа прошел успешно
2022-09-12 15:02:54,600 - [INFO] - ERKNM - add_knm_visited(1368) - выбираем Класс опасности для объекта школа
2022-09-12 15:02:55,419 - [INFO] - ERKNM - add_knm_visited(1372) - выбор Класс опасности для объекта школа прошел успешно
2022-09-12 15:03:41,534 - [INFO] - ERKNM - add_knm_visited(1398) - Добавлено Перечень действий, осуществляемый в рамках КНМ прошел успешно
2022-09-12 15:03:49,475 - [INFO] - ERKNM - add_knm_visited(1408) - Добавлено Перечень действий, осуществляемый в рамках КНМ прошел успешно
2022-09-12 15:28:34,545 - [INFO] - ERKNM - add_knm_visited(1441) - Нажимаем отметка об использовании проверочного листа
2022-09-12 15:28:35,201 - [INFO] - ERKNM - add_knm_visited(1447) - Нажатие отметки об использовании проверочного листа прошла успешно
2022-09-12 15:28:35,232 - [INFO] - ERKNM - add_knm_visited(1460) - Добавляем проверочный лист
2022-09-12 15:28:35,654 - [INFO] - ERKNM - add_knm_visited(1466) - Добавляем проверочный лист прошла успешно
2022-09-12 15:28:36,154 - [INFO] - ERKNM - add_knm_visited(1460) - Добавляем проверочный лист
2022-09-12 15:28:36,633 - [INFO] - ERKNM - add_knm_visited(1466) - Добавляем проверочный лист прошла успешно
2022-09-12 15:28:37,143 - [INFO] - ERKNM - add_knm_visited(1470) - выбираем проверочный лист
2022-09-12 15:28:42,405 - [INFO] - ERKNM - add_knm_visited(1483) - Выбор всех проверочных листов успешно завершен
2022-09-12 15:28:42,405 - [INFO] - ERKNM - add_knm_visited(1488) - Добавляем места проведения контрольного (надзорного) мероприятия
2022-09-12 15:28:42,826 - [INFO] - ERKNM - add_knm_visited(1494) - Добавление места проведения контрольного (надзорного) мероприятия прошла успешно
2022-09-12 15:28:43,326 - [INFO] - ERKNM - add_knm_visited(1499) - Вставляем места проведения контрольного (надзорного) мероприятия
2022-09-12 15:28:59,172 - [INFO] - ERKNM - add_knm_visited(1507) - Вставляем места проведения контрольного (надзорного) мероприятия прошла успешно
2022-09-12 15:29:01,140 - [INFO] - ERKNM - save_proverka(1521) - Сохранение проверки прошло успешно
2022-09-12 15:29:57,207 - [WARNING] - ERKNM - save_proverka(1550) - Получение номера и статуса проверки кнм не прошла: Message: no such element: Unable to locate element: {"method":"css selector","selector":".KnmHeader_Title__vO5Qr"}
  (Session info: chrome=105.0.5195.102)
Stacktrace:
Backtrace:
	Ordinal0 [0x0047DF13+2219795]
	Ordinal0 [0x00412841+1779777]
	Ordinal0 [0x0032423D+803389]
	Ordinal0 [0x00353025+995365]
	Ordinal0 [0x003531EB+995819]
	Ordinal0 [0x00380F52+1183570]
	Ordinal0 [0x0036E844+1108036]
	Ordinal0 [0x0037F192+1175954]
	Ordinal0 [0x0036E616+1107478]
	Ordinal0 [0x00347F89+950153]
	Ordinal0 [0x00348F56+954198]
	GetHandleVerifier [0x00772CB2+3040210]
	GetHandleVerifier [0x00762BB4+2974420]
	GetHandleVerifier [0x00516A0A+565546]
	GetHandleVerifier [0x00515680+560544]
	Ordinal0 [0x00419A5C+1808988]
	Ordinal0 [0x0041E3A8+1827752]
	Ordinal0 [0x0041E495+1827989]
	Ordinal0 [0x004280A4+1867940]
	BaseThreadInitThunk [0x75D5FA29+25]
	RtlGetAppContainerNamedObjectPath [0x77E47A9E+286]
	RtlGetAppContainerNamedObjectPath [0x77E47A6E+238]

2022-09-12 15:29:57,222 - [INFO] - ERKNM - enter_knms_in_erknm(132) - ('выездная|МБОУ "Лицей № 165 имени 65- летия ГАЗ" (бассейн)', {'школа': {'адрес': '603138, г.Нижний Новгород, ул.Строкина, 7', 'начало проверки': '2023-03-13 00:00:00', 'окончание проверки': '2023-03-24 00:00:00', 'ОГРН': '1025202269278', 'деятельность': 'общеобразовательные организации', 'категория риска': 'чрезвычайно высокий риск', 'класс опасности': 'Второй', 'дата последнего планового кнм': '2022-03-24 00:00:00', 'строчка': 7}}) has been entered in erknm!
2022-09-12 15:29:57,613 - [INFO] - ERKNM - enter_knms_in_erknm(142) - номер кнм выездная|МБОУ "Лицей № 165 имени 65- летия ГАЗ" (бассейн)  --->>>  None, status   --->>>  None
2022-09-12 15:29:57,613 - [WARNING] - __main__ - <module>(118) - ОШИБКА ИСПОЛНЕНИЯ ПРОГРАММЫ! [Errno 13] Permission denied: 'Z:\\ДЛЯ ЭПИДЕМИОЛОГОВ\\2023\\забивать на 2023.xlsx'
2022-09-12 15:29:57,613 - [INFO] - __main__ - main(91) - Начало выполнения программы
2022-09-12 15:29:59,868 - [INFO] - undetected_chromedriver.patcher - patch_exe(231) - patching driver executable C:\Users\user\appdata\roaming\undetected_chromedriver\ee14b936d18b6dc1_chromedriver.exe
2022-09-12 15:30:10,351 - [INFO] - ERKNM - __init__(52) - Начало авторизации
2022-09-12 15:30:55,150 - [INFO] - ERKNM - autorize(114) - Autorization successfull completed!
2022-09-12 15:30:55,151 - [INFO] - ERKNM - Controller(65) - functools.partial(<bound method erknm.autorize of <ERKNM.erknm object at 0x000001F6907C9070>>) прошла с 1 раза
2022-09-12 15:30:55,151 - [INFO] - ERKNM - enter_knms_in_erknm(120) - Ready knms list to enter in erknm
2022-09-12 15:30:55,311 - [INFO] - ERKNM - add_knm_visited(1087) - 
2022-09-12 15:30:55,311 - [INFO] - ERKNM - add_knm_visited(1088) - выездная|МБОУ "Лицей № 165 имени 65- летия ГАЗ" (бассейн)
2022-09-12 15:30:55,311 - [INFO] - ERKNM - add_knm_visited(1089) - 
2022-09-12 15:30:55,311 - [INFO] - ERKNM - add_knm_visited(1121) - вставляем наименование органа контроля
2022-09-12 15:30:57,043 - [INFO] - ERKNM - add_knm_visited(1132) - вставка наименования органа контроля прошла успешно
2022-09-12 15:30:57,044 - [INFO] - ERKNM - add_knm_visited(1136) - вставляем Вид контроля
2022-09-12 15:30:57,249 - [INFO] - ERKNM - add_knm_visited(1145) - вставка Вид контроля прошла успешно
2022-09-12 15:30:57,249 - [INFO] - ERKNM - add_knm_visited(1149) - вставляем Вид КНМ
2022-09-12 15:31:08,148 - [INFO] - ERKNM - add_knm_visited(1159) - вставка Вид КНМ прошла успешно
2022-09-12 15:31:08,149 - [INFO] - ERKNM - add_knm_visited(1163) - вставляем Характер КНМ
2022-09-12 15:31:18,705 - [INFO] - ERKNM - add_knm_visited(1180) - вставка Характер КНМ прошла успешно
2022-09-12 15:31:18,705 - [INFO] - ERKNM - add_knm_visited(1185) - вставляем Номер плана
2022-09-12 15:31:23,236 - [INFO] - ERKNM - add_knm_visited(1193) - вставка Номер плана прошла успешно
2022-09-12 15:31:23,236 - [INFO] - ERKNM - add_knm_visited(1197) - вставляем Дата начала КНМ
2022-09-12 15:31:27,599 - [INFO] - ERKNM - add_knm_visited(1208) - вставка Дата начала КНМ прошла успешно
2022-09-12 15:31:27,599 - [INFO] - ERKNM - add_knm_visited(1212) - вставляем Дата окончания КНМ
2022-09-12 15:31:31,420 - [INFO] - ERKNM - add_knm_visited(1223) - вставка Дата окончания КНМ прошла успешно
2022-09-12 15:31:31,420 - [INFO] - ERKNM - add_knm_visited(1227) - вставляем Cрок проведения (дней)
2022-09-12 15:31:32,247 - [INFO] - ERKNM - add_knm_visited(1236) - вставка Cрок проведения (дней) прошла успешно
2022-09-12 15:31:32,247 - [INFO] - ERKNM - add_knm_visited(1240) - вставляем Срок непосредственного взаимодействия (часов)
2022-09-12 15:31:33,069 - [INFO] - ERKNM - add_knm_visited(1249) - вставка Срок непосредственного взаимодействия (часов) прошла успешно
2022-09-12 15:31:33,069 - [INFO] - ERKNM - add_knm_visited(1253) - вставляем Основания включения в план
2022-09-12 15:31:36,863 - [INFO] - ERKNM - add_knm_visited(1279) - вставка Основания включения в план прошла успешно
2022-09-12 15:31:36,863 - [INFO] - ERKNM - add_knm_visited(1283) - вставляем Наименование прокуратуры
2022-09-12 15:31:38,229 - [INFO] - ERKNM - add_knm_visited(1293) - вставка Наименование прокуратуры прошла успешно
2022-09-12 15:31:38,229 - [INFO] - ERKNM - add_knm_visited(1297) - вставляем Основной государственный регистрационный номер (ОГРН)
2022-09-12 15:31:45,119 - [INFO] - ERKNM - add_knm_visited(1307) - вставка Основной государственный регистрационный номер (ОГРН) прошла успешно
2022-09-12 15:31:48,431 - [INFO] - ERKNM - add_knm_visited(1316) - выбор варианта выпадающего списка после регистрационного номера (ОГРН) прошел успешно!
2022-09-12 15:31:48,431 - [INFO] - ERKNM - add_knm_visited(1335) - выбираем тип для объекта школа
2022-09-12 15:31:50,024 - [INFO] - ERKNM - add_knm_visited(1338) - выбор тип для объекта школа прошел успешно
2022-09-12 15:31:50,288 - [INFO] - ERKNM - add_knm_visited(1346) - выбираем вид для объекта школа
2022-09-12 15:31:51,209 - [INFO] - ERKNM - add_knm_visited(1350) - выбор вид для объекта школа прошел успешно
2022-09-12 15:31:51,461 - [INFO] - ERKNM - add_knm_visited(1357) - выбираем Категория риска для объекта школа
2022-09-12 15:31:52,290 - [INFO] - ERKNM - add_knm_visited(1361) - выбор Категория риска для объекта школа прошел успешно
2022-09-12 15:31:52,552 - [INFO] - ERKNM - add_knm_visited(1368) - выбираем Класс опасности для объекта школа
2022-09-12 15:31:53,380 - [INFO] - ERKNM - add_knm_visited(1372) - выбор Класс опасности для объекта школа прошел успешно
2022-09-12 15:32:40,175 - [INFO] - ERKNM - add_knm_visited(1398) - Добавлено Перечень действий, осуществляемый в рамках КНМ прошел успешно
2022-09-12 15:32:48,191 - [INFO] - ERKNM - add_knm_visited(1408) - Добавлено Перечень действий, осуществляемый в рамках КНМ прошел успешно
2022-09-12 15:56:21,857 - [INFO] - ERKNM - add_knm_visited(1441) - Нажимаем отметка об использовании проверочного листа
2022-09-12 15:56:22,814 - [INFO] - ERKNM - add_knm_visited(1447) - Нажатие отметки об использовании проверочного листа прошла успешно
2022-09-12 15:56:22,829 - [INFO] - ERKNM - add_knm_visited(1460) - Добавляем проверочный лист
2022-09-12 15:56:23,646 - [INFO] - ERKNM - add_knm_visited(1466) - Добавляем проверочный лист прошла успешно
2022-09-12 15:56:24,153 - [INFO] - ERKNM - add_knm_visited(1460) - Добавляем проверочный лист
2022-09-12 15:56:24,537 - [INFO] - ERKNM - add_knm_visited(1466) - Добавляем проверочный лист прошла успешно
2022-09-12 15:56:25,049 - [INFO] - ERKNM - add_knm_visited(1470) - выбираем проверочный лист
2022-09-12 15:56:26,217 - [WARNING] - ERKNM - add_knm_visited(1480) - Выбор проверочных листов не прошел: Message: stale element reference: element is not attached to the page document
  (Session info: chrome=105.0.5195.102)
Stacktrace:
Backtrace:
	Ordinal0 [0x00A1DF13+2219795]
	Ordinal0 [0x009B2841+1779777]
	Ordinal0 [0x008C423D+803389]
	Ordinal0 [0x008C6D04+814340]
	Ordinal0 [0x008C6BC2+814018]
	Ordinal0 [0x008C6E50+814672]
	Ordinal0 [0x008F9767+1021799]
	Ordinal0 [0x008F74CB+1012939]
	Ordinal0 [0x008F54AB+1004715]
	Ordinal0 [0x008F4117+999703]
	Ordinal0 [0x008E9B76+957302]
	Ordinal0 [0x0090E7FC+1107964]
	Ordinal0 [0x008E94B4+955572]
	Ordinal0 [0x0090EA14+1108500]
	Ordinal0 [0x0091F192+1175954]
	Ordinal0 [0x0090E616+1107478]
	Ordinal0 [0x008E7F89+950153]
	Ordinal0 [0x008E8F56+954198]
	GetHandleVerifier [0x00D12CB2+3040210]
	GetHandleVerifier [0x00D02BB4+2974420]
	GetHandleVerifier [0x00AB6A0A+565546]
	GetHandleVerifier [0x00AB5680+560544]
	Ordinal0 [0x009B9A5C+1808988]
	Ordinal0 [0x009BE3A8+1827752]
	Ordinal0 [0x009BE495+1827989]
	Ordinal0 [0x009C80A4+1867940]
	BaseThreadInitThunk [0x75D5FA29+25]
	RtlGetAppContainerNamedObjectPath [0x77E47A9E+286]
	RtlGetAppContainerNamedObjectPath [0x77E47A6E+238]

2022-09-12 15:56:31,482 - [INFO] - ERKNM - add_knm_visited(1483) - Выбор всех проверочных листов успешно завершен
2022-09-12 15:56:31,482 - [INFO] - ERKNM - add_knm_visited(1488) - Добавляем места проведения контрольного (надзорного) мероприятия
2022-09-12 15:56:32,188 - [INFO] - ERKNM - add_knm_visited(1494) - Добавление места проведения контрольного (надзорного) мероприятия прошла успешно
2022-09-12 15:56:32,700 - [INFO] - ERKNM - add_knm_visited(1499) - Вставляем места проведения контрольного (надзорного) мероприятия
2022-09-12 15:56:46,231 - [INFO] - ERKNM - add_knm_visited(1507) - Вставляем места проведения контрольного (надзорного) мероприятия прошла успешно
2022-09-12 15:57:40,078 - [INFO] - ERKNM - save_proverka(1521) - Сохранение проверки прошло успешно
2022-09-12 15:57:50,893 - [WARNING] - ERKNM - save_proverka(1550) - Получение номера и статуса проверки кнм не прошла: Message: no such element: Unable to locate element: {"method":"css selector","selector":".KnmHeader_Title__vO5Qr"}
  (Session info: chrome=105.0.5195.102)
Stacktrace:
Backtrace:
	Ordinal0 [0x00A1DF13+2219795]
	Ordinal0 [0x009B2841+1779777]
	Ordinal0 [0x008C423D+803389]
	Ordinal0 [0x008F3025+995365]
	Ordinal0 [0x008F31EB+995819]
	Ordinal0 [0x00920F52+1183570]
	Ordinal0 [0x0090E844+1108036]
	Ordinal0 [0x0091F192+1175954]
	Ordinal0 [0x0090E616+1107478]
	Ordinal0 [0x008E7F89+950153]
	Ordinal0 [0x008E8F56+954198]
	GetHandleVerifier [0x00D12CB2+3040210]
	GetHandleVerifier [0x00D02BB4+2974420]
	GetHandleVerifier [0x00AB6A0A+565546]
	GetHandleVerifier [0x00AB5680+560544]
	Ordinal0 [0x009B9A5C+1808988]
	Ordinal0 [0x009BE3A8+1827752]
	Ordinal0 [0x009BE495+1827989]
	Ordinal0 [0x009C80A4+1867940]
	BaseThreadInitThunk [0x75D5FA29+25]
	RtlGetAppContainerNamedObjectPath [0x77E47A9E+286]
	RtlGetAppContainerNamedObjectPath [0x77E47A6E+238]

2022-09-12 15:57:50,893 - [INFO] - ERKNM - enter_knms_in_erknm(132) - ('выездная|МБОУ "Лицей № 165 имени 65- летия ГАЗ" (бассейн)', {'школа': {'адрес': '603138, г.Нижний Новгород, ул.Строкина, 7', 'начало проверки': '2023-03-13 00:00:00', 'окончание проверки': '2023-03-24 00:00:00', 'ОГРН': '1025202269278', 'деятельность': 'общеобразовательные организации', 'категория риска': 'чрезвычайно высокий риск', 'класс опасности': 'Второй', 'дата последнего планового кнм': '2022-03-24 00:00:00', 'строчка': 7}}) has been entered in erknm!
2022-09-12 15:57:51,050 - [INFO] - ERKNM - enter_knms_in_erknm(142) - номер кнм выездная|МБОУ "Лицей № 165 имени 65- летия ГАЗ" (бассейн)  --->>>  None, status   --->>>  None
2022-09-12 15:57:51,050 - [WARNING] - __main__ - <module>(118) - ОШИБКА ИСПОЛНЕНИЯ ПРОГРАММЫ! [Errno 13] Permission denied: 'Z:\\ДЛЯ ЭПИДЕМИОЛОГОВ\\2023\\забивать на 2023.xlsx'
2022-09-12 15:57:51,050 - [INFO] - __main__ - main(91) - Начало выполнения программы
2022-09-12 15:57:53,466 - [INFO] - undetected_chromedriver.patcher - patch_exe(231) - patching driver executable C:\Users\user\appdata\roaming\undetected_chromedriver\59885bc93b643e3a_chromedriver.exe
2022-09-12 15:58:11,216 - [INFO] - ERKNM - __init__(52) - Начало авторизации
2022-09-12 15:58:41,184 - [INFO] - ERKNM - autorize(114) - Autorization successfull completed!
2022-09-12 15:58:41,185 - [INFO] - ERKNM - Controller(65) - functools.partial(<bound method erknm.autorize of <ERKNM.erknm object at 0x000001F690C4DDF0>>) прошла с 1 раза
2022-09-12 15:58:41,185 - [INFO] - ERKNM - enter_knms_in_erknm(120) - Ready knms list to enter in erknm
2022-09-12 15:58:41,317 - [INFO] - ERKNM - add_knm_visited(1087) - 
2022-09-12 15:58:41,318 - [INFO] - ERKNM - add_knm_visited(1088) - выездная|МБОУ "Лицей № 165 имени 65- летия ГАЗ" (бассейн)
2022-09-12 15:58:41,318 - [INFO] - ERKNM - add_knm_visited(1089) - 
2022-09-12 15:58:41,318 - [INFO] - ERKNM - add_knm_visited(1121) - вставляем наименование органа контроля
2022-09-12 15:58:43,954 - [INFO] - ERKNM - add_knm_visited(1132) - вставка наименования органа контроля прошла успешно
2022-09-12 15:58:43,955 - [INFO] - ERKNM - add_knm_visited(1136) - вставляем Вид контроля
2022-09-12 15:58:44,439 - [INFO] - ERKNM - add_knm_visited(1145) - вставка Вид контроля прошла успешно
2022-09-12 15:58:44,439 - [INFO] - ERKNM - add_knm_visited(1149) - вставляем Вид КНМ
2022-09-12 15:58:55,109 - [INFO] - ERKNM - add_knm_visited(1159) - вставка Вид КНМ прошла успешно
2022-09-12 15:58:55,109 - [INFO] - ERKNM - add_knm_visited(1163) - вставляем Характер КНМ
2022-09-12 15:59:05,605 - [INFO] - ERKNM - add_knm_visited(1180) - вставка Характер КНМ прошла успешно
2022-09-12 15:59:05,606 - [INFO] - ERKNM - add_knm_visited(1185) - вставляем Номер плана
2022-09-12 15:59:11,064 - [INFO] - ERKNM - add_knm_visited(1193) - вставка Номер плана прошла успешно
2022-09-12 15:59:11,064 - [INFO] - ERKNM - add_knm_visited(1197) - вставляем Дата начала КНМ
2022-09-12 15:59:16,255 - [INFO] - ERKNM - add_knm_visited(1208) - вставка Дата начала КНМ прошла успешно
2022-09-12 15:59:16,255 - [INFO] - ERKNM - add_knm_visited(1212) - вставляем Дата окончания КНМ
2022-09-12 15:59:20,079 - [INFO] - ERKNM - add_knm_visited(1223) - вставка Дата окончания КНМ прошла успешно
2022-09-12 15:59:20,079 - [INFO] - ERKNM - add_knm_visited(1227) - вставляем Cрок проведения (дней)
2022-09-12 15:59:20,915 - [INFO] - ERKNM - add_knm_visited(1236) - вставка Cрок проведения (дней) прошла успешно
2022-09-12 15:59:20,915 - [INFO] - ERKNM - add_knm_visited(1240) - вставляем Срок непосредственного взаимодействия (часов)
2022-09-12 15:59:21,738 - [INFO] - ERKNM - add_knm_visited(1249) - вставка Срок непосредственного взаимодействия (часов) прошла успешно
2022-09-12 15:59:21,739 - [INFO] - ERKNM - add_knm_visited(1253) - вставляем Основания включения в план
2022-09-12 15:59:25,603 - [INFO] - ERKNM - add_knm_visited(1279) - вставка Основания включения в план прошла успешно
2022-09-12 15:59:25,603 - [INFO] - ERKNM - add_knm_visited(1283) - вставляем Наименование прокуратуры
2022-09-12 15:59:26,956 - [INFO] - ERKNM - add_knm_visited(1293) - вставка Наименование прокуратуры прошла успешно
2022-09-12 15:59:26,956 - [INFO] - ERKNM - add_knm_visited(1297) - вставляем Основной государственный регистрационный номер (ОГРН)
2022-09-12 15:59:33,985 - [INFO] - ERKNM - add_knm_visited(1307) - вставка Основной государственный регистрационный номер (ОГРН) прошла успешно
2022-09-12 15:59:37,312 - [INFO] - ERKNM - add_knm_visited(1316) - выбор варианта выпадающего списка после регистрационного номера (ОГРН) прошел успешно!
2022-09-12 15:59:37,312 - [INFO] - ERKNM - add_knm_visited(1335) - выбираем тип для объекта школа
2022-09-12 15:59:38,932 - [INFO] - ERKNM - add_knm_visited(1338) - выбор тип для объекта школа прошел успешно
2022-09-12 15:59:39,192 - [INFO] - ERKNM - add_knm_visited(1346) - выбираем вид для объекта школа
2022-09-12 15:59:40,112 - [INFO] - ERKNM - add_knm_visited(1350) - выбор вид для объекта школа прошел успешно
2022-09-12 15:59:40,366 - [INFO] - ERKNM - add_knm_visited(1357) - выбираем Категория риска для объекта школа
2022-09-12 15:59:41,193 - [INFO] - ERKNM - add_knm_visited(1361) - выбор Категория риска для объекта школа прошел успешно
2022-09-12 15:59:41,529 - [INFO] - ERKNM - add_knm_visited(1368) - выбираем Класс опасности для объекта школа
2022-09-12 15:59:42,369 - [INFO] - ERKNM - add_knm_visited(1372) - выбор Класс опасности для объекта школа прошел успешно
2022-09-12 16:00:31,130 - [INFO] - ERKNM - add_knm_visited(1398) - Добавлено Перечень действий, осуществляемый в рамках КНМ прошел успешно
2022-09-12 16:00:39,458 - [INFO] - ERKNM - add_knm_visited(1408) - Добавлено Перечень действий, осуществляемый в рамках КНМ прошел успешно
2022-09-12 16:04:10,687 - [INFO] - __main__ - main(91) - Начало выполнения программы
2022-09-12 16:04:13,152 - [INFO] - undetected_chromedriver.patcher - patch_exe(231) - patching driver executable C:\Users\user\appdata\roaming\undetected_chromedriver\702a2d669fad67d6_chromedriver.exe
2022-09-12 16:04:27,934 - [INFO] - ERKNM - __init__(52) - Начало авторизации
2022-09-12 16:04:39,524 - [WARNING] - ERKNM - Controller(70) - Ошибка авторизации: functools.partial(<bound method erknm.autorize of <ERKNM.erknm object at 0x000001918CC4C370>>) Message: 
Stacktrace:
Backtrace:
	Ordinal0 [0x009ADF13+2219795]
	Ordinal0 [0x00942841+1779777]
	Ordinal0 [0x0085423D+803389]
	Ordinal0 [0x00883025+995365]
	Ordinal0 [0x008831EB+995819]
	Ordinal0 [0x008B0F52+1183570]
	Ordinal0 [0x0089E844+1108036]
	Ordinal0 [0x008AF192+1175954]
	Ordinal0 [0x0089E616+1107478]
	Ordinal0 [0x00877F89+950153]
	Ordinal0 [0x00878F56+954198]
	GetHandleVerifier [0x00CA2CB2+3040210]
	GetHandleVerifier [0x00C92BB4+2974420]
	GetHandleVerifier [0x00A46A0A+565546]
	GetHandleVerifier [0x00A45680+560544]
	Ordinal0 [0x00949A5C+1808988]
	Ordinal0 [0x0094E3A8+1827752]
	Ordinal0 [0x0094E495+1827989]
	Ordinal0 [0x009580A4+1867940]
	BaseThreadInitThunk [0x75D5FA29+25]
	RtlGetAppContainerNamedObjectPath [0x77E47A9E+286]
	RtlGetAppContainerNamedObjectPath [0x77E47A6E+238]

2022-09-12 16:21:56,759 - [INFO] - ERKNM - autorize(114) - Autorization successfull completed!
2022-09-12 16:21:56,764 - [INFO] - ERKNM - Controller(65) - functools.partial(<bound method erknm.autorize of <ERKNM.erknm object at 0x000001918CC4C370>>) прошла с 2 раза
2022-09-12 16:21:56,765 - [INFO] - ERKNM - enter_knms_in_erknm(120) - Ready knms list to enter in erknm
2022-09-12 16:21:57,030 - [INFO] - ERKNM - add_knm_visited(1087) - 
2022-09-12 16:21:57,031 - [INFO] - ERKNM - add_knm_visited(1088) - выездная|МБДОУ "Детский сад № 325" (бассейн)
2022-09-12 16:21:57,031 - [INFO] - ERKNM - add_knm_visited(1089) - 
2022-09-12 16:21:57,031 - [INFO] - ERKNM - add_knm_visited(1121) - вставляем наименование органа контроля
2022-09-12 16:21:59,560 - [INFO] - ERKNM - add_knm_visited(1132) - вставка наименования органа контроля прошла успешно
2022-09-12 16:21:59,560 - [INFO] - ERKNM - add_knm_visited(1136) - вставляем Вид контроля
2022-09-12 16:22:00,082 - [INFO] - ERKNM - add_knm_visited(1145) - вставка Вид контроля прошла успешно
2022-09-12 16:22:00,082 - [INFO] - ERKNM - add_knm_visited(1149) - вставляем Вид КНМ
2022-09-12 16:22:11,766 - [INFO] - ERKNM - add_knm_visited(1159) - вставка Вид КНМ прошла успешно
2022-09-12 16:22:11,766 - [INFO] - ERKNM - add_knm_visited(1163) - вставляем Характер КНМ
2022-09-12 16:22:18,926 - [WARNING] - __main__ - <module>(118) - ОШИБКА ИСПОЛНЕНИЯ ПРОГРАММЫ! Message: element click intercepted: Element <div class="_ValueContainer_nx4nv_75 _ValueContainerSingle_nx4nv_94 select-field__value-container css-0">...</div> is not clickable at point (404, 17). Other element would receive the click: <div class="_TopHeaderPrimaryContent_el9jz_46">...</div>
  (Session info: chrome=105.0.5195.102)
Stacktrace:
Backtrace:
	Ordinal0 [0x009ADF13+2219795]
	Ordinal0 [0x00942841+1779777]
	Ordinal0 [0x0085423D+803389]
	Ordinal0 [0x008899D4+1022420]
	Ordinal0 [0x008878C4+1013956]
	Ordinal0 [0x008854AB+1004715]
	Ordinal0 [0x00884117+999703]
	Ordinal0 [0x00879B76+957302]
	Ordinal0 [0x0089E7FC+1107964]
	Ordinal0 [0x008794B4+955572]
	Ordinal0 [0x0089EA14+1108500]
	Ordinal0 [0x008AF192+1175954]
	Ordinal0 [0x0089E616+1107478]
	Ordinal0 [0x00877F89+950153]
	Ordinal0 [0x00878F56+954198]
	GetHandleVerifier [0x00CA2CB2+3040210]
	GetHandleVerifier [0x00C92BB4+2974420]
	GetHandleVerifier [0x00A46A0A+565546]
	GetHandleVerifier [0x00A45680+560544]
	Ordinal0 [0x00949A5C+1808988]
	Ordinal0 [0x0094E3A8+1827752]
	Ordinal0 [0x0094E495+1827989]
	Ordinal0 [0x009580A4+1867940]
	BaseThreadInitThunk [0x75D5FA29+25]
	RtlGetAppContainerNamedObjectPath [0x77E47A9E+286]
	RtlGetAppContainerNamedObjectPath [0x77E47A6E+238]

2022-09-12 16:22:18,928 - [INFO] - __main__ - main(91) - Начало выполнения программы
2022-09-12 16:22:24,551 - [INFO] - undetected_chromedriver.patcher - patch_exe(231) - patching driver executable C:\Users\user\appdata\roaming\undetected_chromedriver\559094ff4249f16e_chromedriver.exe
2022-09-12 16:22:56,156 - [INFO] - ERKNM - __init__(52) - Начало авторизации
2022-09-12 16:23:23,512 - [INFO] - ERKNM - autorize(114) - Autorization successfull completed!
2022-09-12 16:23:23,512 - [INFO] - ERKNM - Controller(65) - functools.partial(<bound method erknm.autorize of <ERKNM.erknm object at 0x000001918CBE27F0>>) прошла с 1 раза
2022-09-12 16:23:23,512 - [INFO] - ERKNM - enter_knms_in_erknm(120) - Ready knms list to enter in erknm
2022-09-12 16:23:23,732 - [INFO] - ERKNM - add_knm_visited(1087) - 
2022-09-12 16:23:23,733 - [INFO] - ERKNM - add_knm_visited(1088) - выездная|МБДОУ "Детский сад № 325" (бассейн)
2022-09-12 16:23:23,733 - [INFO] - ERKNM - add_knm_visited(1089) - 
2022-09-12 16:23:23,733 - [INFO] - ERKNM - add_knm_visited(1121) - вставляем наименование органа контроля
2022-09-12 16:23:25,421 - [INFO] - ERKNM - add_knm_visited(1132) - вставка наименования органа контроля прошла успешно
2022-09-12 16:23:25,421 - [INFO] - ERKNM - add_knm_visited(1136) - вставляем Вид контроля
2022-09-12 16:23:25,823 - [INFO] - ERKNM - add_knm_visited(1145) - вставка Вид контроля прошла успешно
2022-09-12 16:23:25,823 - [INFO] - ERKNM - add_knm_visited(1149) - вставляем Вид КНМ
2022-09-12 16:23:36,703 - [INFO] - ERKNM - add_knm_visited(1159) - вставка Вид КНМ прошла успешно
2022-09-12 16:23:36,703 - [INFO] - ERKNM - add_knm_visited(1163) - вставляем Характер КНМ
2022-09-12 16:24:23,523 - [INFO] - ERKNM - add_knm_visited(1180) - вставка Характер КНМ прошла успешно
2022-09-12 16:24:23,523 - [INFO] - ERKNM - add_knm_visited(1185) - вставляем Номер плана
2022-09-12 16:24:28,667 - [INFO] - ERKNM - add_knm_visited(1193) - вставка Номер плана прошла успешно
2022-09-12 16:24:28,667 - [INFO] - ERKNM - add_knm_visited(1197) - вставляем Дата начала КНМ
2022-09-12 16:24:34,916 - [INFO] - ERKNM - add_knm_visited(1208) - вставка Дата начала КНМ прошла успешно
2022-09-12 16:24:34,916 - [INFO] - ERKNM - add_knm_visited(1212) - вставляем Дата окончания КНМ
2022-09-12 16:24:39,287 - [INFO] - ERKNM - add_knm_visited(1223) - вставка Дата окончания КНМ прошла успешно
2022-09-12 16:24:39,287 - [INFO] - ERKNM - add_knm_visited(1227) - вставляем Cрок проведения (дней)
2022-09-12 16:24:40,240 - [INFO] - ERKNM - add_knm_visited(1236) - вставка Cрок проведения (дней) прошла успешно
2022-09-12 16:24:40,240 - [INFO] - ERKNM - add_knm_visited(1240) - вставляем Срок непосредственного взаимодействия (часов)
2022-09-12 16:24:41,114 - [INFO] - ERKNM - add_knm_visited(1249) - вставка Срок непосредственного взаимодействия (часов) прошла успешно
2022-09-12 16:24:41,114 - [INFO] - ERKNM - add_knm_visited(1253) - вставляем Основания включения в план
2022-09-12 16:24:47,900 - [INFO] - ERKNM - add_knm_visited(1279) - вставка Основания включения в план прошла успешно
2022-09-12 16:24:47,900 - [INFO] - ERKNM - add_knm_visited(1283) - вставляем Наименование прокуратуры
2022-09-12 16:24:49,441 - [INFO] - ERKNM - add_knm_visited(1293) - вставка Наименование прокуратуры прошла успешно
2022-09-12 16:24:49,441 - [INFO] - ERKNM - add_knm_visited(1297) - вставляем Основной государственный регистрационный номер (ОГРН)
2022-09-12 16:24:58,394 - [INFO] - ERKNM - add_knm_visited(1307) - вставка Основной государственный регистрационный номер (ОГРН) прошла успешно
2022-09-12 16:25:07,765 - [INFO] - ERKNM - add_knm_visited(1316) - выбор варианта выпадающего списка после регистрационного номера (ОГРН) прошел успешно!
2022-09-12 16:25:09,609 - [INFO] - ERKNM - add_knm_visited(1335) - выбираем тип для объекта детский сад
2022-09-12 16:25:11,076 - [INFO] - ERKNM - add_knm_visited(1338) - выбор тип для объекта детский сад прошел успешно
2022-09-12 16:25:11,340 - [INFO] - ERKNM - add_knm_visited(1346) - выбираем вид для объекта детский сад
2022-09-12 16:25:12,319 - [INFO] - ERKNM - add_knm_visited(1350) - выбор вид для объекта детский сад прошел успешно
2022-09-12 16:25:12,575 - [INFO] - ERKNM - add_knm_visited(1357) - выбираем Категория риска для объекта детский сад
2022-09-12 16:25:14,337 - [INFO] - ERKNM - add_knm_visited(1361) - выбор Категория риска для объекта детский сад прошел успешно
2022-09-12 16:25:14,589 - [INFO] - ERKNM - add_knm_visited(1368) - выбираем Класс опасности для объекта детский сад
2022-09-12 16:25:21,954 - [WARNING] - ERKNM - add_knm_visited(1374) - выбор Класс опасности для объекта детский сад не прошел: Message: stale element reference: element is not attached to the page document
  (Session info: chrome=105.0.5195.102)
Stacktrace:
Backtrace:
	Ordinal0 [0x00FEDF13+2219795]
	Ordinal0 [0x00F82841+1779777]
	Ordinal0 [0x00E9423D+803389]
	Ordinal0 [0x00E96D04+814340]
	Ordinal0 [0x00E96BC2+814018]
	Ordinal0 [0x00E96E50+814672]
	Ordinal0 [0x00EC4A2E+1002030]
	Ordinal0 [0x00EB99ED+956909]
	Ordinal0 [0x00EDE7FC+1107964]
	Ordinal0 [0x00EB94B4+955572]
	Ordinal0 [0x00EDEA14+1108500]
	Ordinal0 [0x00EEF192+1175954]
	Ordinal0 [0x00EDE616+1107478]
	Ordinal0 [0x00EB7F89+950153]
	Ordinal0 [0x00EB8F56+954198]
	GetHandleVerifier [0x012E2CB2+3040210]
	GetHandleVerifier [0x012D2BB4+2974420]
	GetHandleVerifier [0x01086A0A+565546]
	GetHandleVerifier [0x01085680+560544]
	Ordinal0 [0x00F89A5C+1808988]
	Ordinal0 [0x00F8E3A8+1827752]
	Ordinal0 [0x00F8E495+1827989]
	Ordinal0 [0x00F980A4+1867940]
	BaseThreadInitThunk [0x75D5FA29+25]
	RtlGetAppContainerNamedObjectPath [0x77E47A9E+286]
	RtlGetAppContainerNamedObjectPath [0x77E47A6E+238]

2022-09-12 16:25:56,878 - [INFO] - ERKNM - add_knm_visited(1335) - выбираем тип для объекта {'адрес': '607605, Нижегородская область, г.Богородск, 2-й микрорайон, д.7Б', 'начало проверки': '2023-03-09 00:00:00', 'окончание проверки': '2023-03-22 00:00:00', 'ОГРН': '1025202611862', 'деятельность': 'дошкольные образовательные организации', 'категория риска': 'чрезвычайно высокий риск', 'класс опасности': 'Второй', 'дата последнего планового кнм': '2022-02-14 00:00:00', 'строчка': 9}
2022-09-12 16:25:58,579 - [INFO] - ERKNM - add_knm_visited(1338) - выбор тип для объекта детский сад1 прошел успешно
2022-09-12 16:25:58,838 - [INFO] - ERKNM - add_knm_visited(1346) - выбираем вид для объекта {'адрес': '607605, Нижегородская область, г.Богородск, 2-й микрорайон, д.7Б', 'начало проверки': '2023-03-09 00:00:00', 'окончание проверки': '2023-03-22 00:00:00', 'ОГРН': '1025202611862', 'деятельность': 'дошкольные образовательные организации', 'категория риска': 'чрезвычайно высокий риск', 'класс опасности': 'Второй', 'дата последнего планового кнм': '2022-02-14 00:00:00', 'строчка': 9}
2022-09-12 16:25:59,824 - [INFO] - ERKNM - add_knm_visited(1350) - выбор вид для объекта детский сад1 прошел успешно
2022-09-12 16:26:00,076 - [INFO] - ERKNM - add_knm_visited(1357) - выбираем Категория риска для объекта {'адрес': '607605, Нижегородская область, г.Богородск, 2-й микрорайон, д.7Б', 'начало проверки': '2023-03-09 00:00:00', 'окончание проверки': '2023-03-22 00:00:00', 'ОГРН': '1025202611862', 'деятельность': 'дошкольные образовательные организации', 'категория риска': 'чрезвычайно высокий риск', 'класс опасности': 'Второй', 'дата последнего планового кнм': '2022-02-14 00:00:00', 'строчка': 9}
2022-09-12 16:26:01,223 - [INFO] - ERKNM - add_knm_visited(1361) - выбор Категория риска для объекта детский сад1 прошел успешно
2022-09-12 16:26:01,475 - [INFO] - ERKNM - add_knm_visited(1368) - выбираем Класс опасности для объекта детский сад1
2022-09-12 16:26:02,326 - [INFO] - ERKNM - add_knm_visited(1372) - выбор Класс опасности для объекта детский сад1 прошел успешно
2022-09-12 16:26:56,712 - [INFO] - ERKNM - add_knm_visited(1398) - Добавлено Перечень действий, осуществляемый в рамках КНМ прошел успешно
2022-09-12 16:27:15,842 - [INFO] - ERKNM - add_knm_visited(1408) - Добавлено Перечень действий, осуществляемый в рамках КНМ прошел успешно
2022-09-12 16:37:27,155 - [WARNING] - __main__ - <module>(118) - ОШИБКА ИСПОЛНЕНИЯ ПРОГРАММЫ! Alert Text: {Alert text : 
Message: unexpected alert open: {Alert text : }
  (Session info: chrome=105.0.5195.102)
Stacktrace:
Backtrace:
	Ordinal0 [0x00FEDF13+2219795]
	Ordinal0 [0x00F82841+1779777]
	Ordinal0 [0x00E9423D+803389]
	Ordinal0 [0x00EEEFFE+1175550]
	Ordinal0 [0x00EDE616+1107478]
	Ordinal0 [0x00EB7F89+950153]
	Ordinal0 [0x00EB8F56+954198]
	GetHandleVerifier [0x012E2CB2+3040210]
	GetHandleVerifier [0x012D2BB4+2974420]
	GetHandleVerifier [0x01086A0A+565546]
	GetHandleVerifier [0x01085680+560544]
	Ordinal0 [0x00F89A5C+1808988]
	Ordinal0 [0x00F8E3A8+1827752]
	Ordinal0 [0x00F8E495+1827989]
	Ordinal0 [0x00F980A4+1867940]
	BaseThreadInitThunk [0x75D5FA29+25]
	RtlGetAppContainerNamedObjectPath [0x77E47A9E+286]
	RtlGetAppContainerNamedObjectPath [0x77E47A6E+238]

2022-09-12 16:37:27,297 - [INFO] - __main__ - main(91) - Начало выполнения программы
2022-09-12 16:37:34,153 - [INFO] - undetected_chromedriver.patcher - patch_exe(231) - patching driver executable C:\Users\user\appdata\roaming\undetected_chromedriver\f70dc1ca3bc673de_chromedriver.exe
2022-09-12 16:37:48,643 - [INFO] - ERKNM - __init__(52) - Начало авторизации
2022-09-12 16:38:19,207 - [WARNING] - ERKNM - Controller(70) - Ошибка авторизации: functools.partial(<bound method erknm.autorize of <ERKNM.erknm object at 0x000001918D6FD0A0>>) Message: 
Stacktrace:
Backtrace:
	Ordinal0 [0x005ADF13+2219795]
	Ordinal0 [0x00542841+1779777]
	Ordinal0 [0x0045423D+803389]
	Ordinal0 [0x00483025+995365]
	Ordinal0 [0x004831EB+995819]
	Ordinal0 [0x004B0F52+1183570]
	Ordinal0 [0x0049E844+1108036]
	Ordinal0 [0x004AF192+1175954]
	Ordinal0 [0x0049E616+1107478]
	Ordinal0 [0x00477F89+950153]
	Ordinal0 [0x00478F56+954198]
	GetHandleVerifier [0x008A2CB2+3040210]
	GetHandleVerifier [0x00892BB4+2974420]
	GetHandleVerifier [0x00646A0A+565546]
	GetHandleVerifier [0x00645680+560544]
	Ordinal0 [0x00549A5C+1808988]
	Ordinal0 [0x0054E3A8+1827752]
	Ordinal0 [0x0054E495+1827989]
	Ordinal0 [0x005580A4+1867940]
	BaseThreadInitThunk [0x75D5FA29+25]
	RtlGetAppContainerNamedObjectPath [0x77E47A9E+286]
	RtlGetAppContainerNamedObjectPath [0x77E47A6E+238]

2022-09-12 16:38:30,798 - [INFO] - ERKNM - autorize(114) - Autorization successfull completed!
2022-09-12 16:38:30,798 - [INFO] - ERKNM - Controller(65) - functools.partial(<bound method erknm.autorize of <ERKNM.erknm object at 0x000001918D6FD0A0>>) прошла с 2 раза
2022-09-12 16:38:30,798 - [INFO] - ERKNM - enter_knms_in_erknm(120) - Ready knms list to enter in erknm
2022-09-12 16:38:30,927 - [INFO] - ERKNM - add_knm_visited(1087) - 
2022-09-12 16:38:30,928 - [INFO] - ERKNM - add_knm_visited(1088) - выездная|МБДОУ "Детский сад № 325" (бассейн)
2022-09-12 16:38:30,928 - [INFO] - ERKNM - add_knm_visited(1089) - 
2022-09-12 16:38:30,928 - [INFO] - ERKNM - add_knm_visited(1121) - вставляем наименование органа контроля
2022-09-12 16:38:33,375 - [INFO] - ERKNM - add_knm_visited(1132) - вставка наименования органа контроля прошла успешно
2022-09-12 16:38:33,375 - [INFO] - ERKNM - add_knm_visited(1136) - вставляем Вид контроля
2022-09-12 16:38:33,679 - [INFO] - ERKNM - add_knm_visited(1145) - вставка Вид контроля прошла успешно
2022-09-12 16:38:33,679 - [INFO] - ERKNM - add_knm_visited(1149) - вставляем Вид КНМ
2022-09-12 16:38:42,410 - [INFO] - ERKNM - add_knm_visited(1159) - вставка Вид КНМ прошла успешно
2022-09-12 16:38:42,410 - [INFO] - ERKNM - add_knm_visited(1163) - вставляем Характер КНМ
2022-09-12 16:38:53,591 - [INFO] - ERKNM - add_knm_visited(1180) - вставка Характер КНМ прошла успешно
2022-09-12 16:38:53,591 - [INFO] - ERKNM - add_knm_visited(1185) - вставляем Номер плана
2022-09-12 16:38:58,228 - [INFO] - ERKNM - add_knm_visited(1193) - вставка Номер плана прошла успешно
2022-09-12 16:38:58,228 - [INFO] - ERKNM - add_knm_visited(1197) - вставляем Дата начала КНМ
2022-09-12 16:39:02,792 - [INFO] - ERKNM - add_knm_visited(1208) - вставка Дата начала КНМ прошла успешно
2022-09-12 16:39:02,792 - [INFO] - ERKNM - add_knm_visited(1212) - вставляем Дата окончания КНМ
2022-09-12 16:39:06,842 - [INFO] - ERKNM - add_knm_visited(1223) - вставка Дата окончания КНМ прошла успешно
2022-09-12 16:39:06,842 - [INFO] - ERKNM - add_knm_visited(1227) - вставляем Cрок проведения (дней)
2022-09-12 16:39:07,685 - [INFO] - ERKNM - add_knm_visited(1236) - вставка Cрок проведения (дней) прошла успешно
2022-09-12 16:39:07,686 - [INFO] - ERKNM - add_knm_visited(1240) - вставляем Срок непосредственного взаимодействия (часов)
2022-09-12 16:39:08,515 - [INFO] - ERKNM - add_knm_visited(1249) - вставка Срок непосредственного взаимодействия (часов) прошла успешно
2022-09-12 16:39:08,515 - [INFO] - ERKNM - add_knm_visited(1253) - вставляем Основания включения в план
2022-09-12 16:39:12,374 - [INFO] - ERKNM - add_knm_visited(1279) - вставка Основания включения в план прошла успешно
2022-09-12 16:39:12,374 - [INFO] - ERKNM - add_knm_visited(1283) - вставляем Наименование прокуратуры
2022-09-12 16:39:13,777 - [INFO] - ERKNM - add_knm_visited(1293) - вставка Наименование прокуратуры прошла успешно
2022-09-12 16:39:13,778 - [INFO] - ERKNM - add_knm_visited(1297) - вставляем Основной государственный регистрационный номер (ОГРН)
2022-09-12 16:39:20,785 - [INFO] - ERKNM - add_knm_visited(1307) - вставка Основной государственный регистрационный номер (ОГРН) прошла успешно
2022-09-12 16:39:24,118 - [INFO] - ERKNM - add_knm_visited(1316) - выбор варианта выпадающего списка после регистрационного номера (ОГРН) прошел успешно!
2022-09-12 16:39:25,746 - [INFO] - ERKNM - add_knm_visited(1335) - выбираем тип для объекта детский сад
2022-09-12 16:39:26,871 - [INFO] - ERKNM - add_knm_visited(1338) - выбор тип для объекта детский сад прошел успешно
2022-09-12 16:39:27,126 - [INFO] - ERKNM - add_knm_visited(1346) - выбираем вид для объекта детский сад
2022-09-12 16:39:28,068 - [INFO] - ERKNM - add_knm_visited(1350) - выбор вид для объекта детский сад прошел успешно
2022-09-12 16:39:28,332 - [INFO] - ERKNM - add_knm_visited(1357) - выбираем Категория риска для объекта детский сад
2022-09-12 16:39:29,174 - [INFO] - ERKNM - add_knm_visited(1361) - выбор Категория риска для объекта детский сад прошел успешно
2022-09-12 16:39:29,427 - [INFO] - ERKNM - add_knm_visited(1368) - выбираем Класс опасности для объекта детский сад
2022-09-12 16:39:30,274 - [INFO] - ERKNM - add_knm_visited(1372) - выбор Класс опасности для объекта детский сад прошел успешно
2022-09-12 16:40:04,587 - [INFO] - ERKNM - add_knm_visited(1335) - выбираем тип для объекта {'адрес': '607605, Нижегородская область, г.Богородск, 2-й микрорайон, д.7Б', 'начало проверки': '2023-03-09 00:00:00', 'окончание проверки': '2023-03-22 00:00:00', 'ОГРН': '1025202611862', 'деятельность': 'дошкольные образовательные организации', 'категория риска': 'чрезвычайно высокий риск', 'класс опасности': 'Второй', 'дата последнего планового кнм': '2022-02-14 00:00:00', 'строчка': 9}
2022-09-12 16:40:06,288 - [INFO] - ERKNM - add_knm_visited(1338) - выбор тип для объекта детский сад1 прошел успешно
2022-09-12 16:40:06,542 - [INFO] - ERKNM - add_knm_visited(1346) - выбираем вид для объекта {'адрес': '607605, Нижегородская область, г.Богородск, 2-й микрорайон, д.7Б', 'начало проверки': '2023-03-09 00:00:00', 'окончание проверки': '2023-03-22 00:00:00', 'ОГРН': '1025202611862', 'деятельность': 'дошкольные образовательные организации', 'категория риска': 'чрезвычайно высокий риск', 'класс опасности': 'Второй', 'дата последнего планового кнм': '2022-02-14 00:00:00', 'строчка': 9}
2022-09-12 16:40:07,508 - [INFO] - ERKNM - add_knm_visited(1350) - выбор вид для объекта детский сад1 прошел успешно
2022-09-12 16:40:07,764 - [INFO] - ERKNM - add_knm_visited(1357) - выбираем Категория риска для объекта {'адрес': '607605, Нижегородская область, г.Богородск, 2-й микрорайон, д.7Б', 'начало проверки': '2023-03-09 00:00:00', 'окончание проверки': '2023-03-22 00:00:00', 'ОГРН': '1025202611862', 'деятельность': 'дошкольные образовательные организации', 'категория риска': 'чрезвычайно высокий риск', 'класс опасности': 'Второй', 'дата последнего планового кнм': '2022-02-14 00:00:00', 'строчка': 9}
2022-09-12 16:40:08,621 - [INFO] - ERKNM - add_knm_visited(1361) - выбор Категория риска для объекта детский сад1 прошел успешно
2022-09-12 16:40:08,876 - [INFO] - ERKNM - add_knm_visited(1368) - выбираем Класс опасности для объекта детский сад1
2022-09-12 16:40:09,760 - [INFO] - ERKNM - add_knm_visited(1372) - выбор Класс опасности для объекта детский сад1 прошел успешно
2022-09-12 16:40:58,739 - [INFO] - ERKNM - add_knm_visited(1398) - Добавлено Перечень действий, осуществляемый в рамках КНМ прошел успешно
2022-09-12 16:41:12,092 - [INFO] - ERKNM - add_knm_visited(1408) - Добавлено Перечень действий, осуществляемый в рамках КНМ прошел успешно
2022-09-12 17:24:22,221 - [INFO] - ERKNM - add_knm_visited(1441) - Нажимаем отметка об использовании проверочного листа
2022-09-12 17:24:23,315 - [INFO] - ERKNM - add_knm_visited(1447) - Нажатие отметки об использовании проверочного листа прошла успешно
2022-09-12 17:24:23,331 - [INFO] - ERKNM - add_knm_visited(1460) - Добавляем проверочный лист
2022-09-12 17:24:24,128 - [INFO] - ERKNM - add_knm_visited(1466) - Добавляем проверочный лист прошла успешно
2022-09-12 17:24:24,641 - [INFO] - ERKNM - add_knm_visited(1460) - Добавляем проверочный лист
2022-09-12 17:24:25,063 - [INFO] - ERKNM - add_knm_visited(1466) - Добавляем проверочный лист прошла успешно
2022-09-12 17:24:25,569 - [INFO] - ERKNM - add_knm_visited(1470) - выбираем проверочный лист
2022-09-12 17:24:26,784 - [WARNING] - ERKNM - add_knm_visited(1480) - Выбор проверочных листов не прошел: Message: stale element reference: element is not attached to the page document
  (Session info: chrome=105.0.5195.102)
Stacktrace:
Backtrace:
	Ordinal0 [0x005ADF13+2219795]
	Ordinal0 [0x00542841+1779777]
	Ordinal0 [0x0045423D+803389]
	Ordinal0 [0x00456D04+814340]
	Ordinal0 [0x00456BC2+814018]
	Ordinal0 [0x00456E50+814672]
	Ordinal0 [0x00489767+1021799]
	Ordinal0 [0x004874CB+1012939]
	Ordinal0 [0x004854AB+1004715]
	Ordinal0 [0x00484117+999703]
	Ordinal0 [0x00479B76+957302]
	Ordinal0 [0x0049E7FC+1107964]
	Ordinal0 [0x004794B4+955572]
	Ordinal0 [0x0049EA14+1108500]
	Ordinal0 [0x004AF192+1175954]
	Ordinal0 [0x0049E616+1107478]
	Ordinal0 [0x00477F89+950153]
	Ordinal0 [0x00478F56+954198]
	GetHandleVerifier [0x008A2CB2+3040210]
	GetHandleVerifier [0x00892BB4+2974420]
	GetHandleVerifier [0x00646A0A+565546]
	GetHandleVerifier [0x00645680+560544]
	Ordinal0 [0x00549A5C+1808988]
	Ordinal0 [0x0054E3A8+1827752]
	Ordinal0 [0x0054E495+1827989]
	Ordinal0 [0x005580A4+1867940]
	BaseThreadInitThunk [0x75D5FA29+25]
	RtlGetAppContainerNamedObjectPath [0x77E47A9E+286]
	RtlGetAppContainerNamedObjectPath [0x77E47A6E+238]

2022-09-12 17:24:31,772 - [INFO] - ERKNM - add_knm_visited(1483) - Выбор всех проверочных листов успешно завершен
2022-09-12 17:24:31,772 - [INFO] - ERKNM - add_knm_visited(1488) - Добавляем места проведения контрольного (надзорного) мероприятия
2022-09-12 17:24:32,529 - [INFO] - ERKNM - add_knm_visited(1488) - Добавляем места проведения контрольного (надзорного) мероприятия
2022-09-12 17:24:32,971 - [INFO] - ERKNM - add_knm_visited(1494) - Добавление места проведения контрольного (надзорного) мероприятия прошла успешно
2022-09-12 17:24:33,482 - [INFO] - ERKNM - add_knm_visited(1499) - Вставляем места проведения контрольного (надзорного) мероприятия
2022-09-12 17:24:49,395 - [INFO] - ERKNM - add_knm_visited(1499) - Вставляем места проведения контрольного (надзорного) мероприятия
2022-09-12 17:25:11,950 - [INFO] - ERKNM - add_knm_visited(1507) - Вставляем места проведения контрольного (надзорного) мероприятия прошла успешно
2022-09-12 17:26:18,604 - [INFO] - ERKNM - save_proverka(1521) - Сохранение проверки прошло успешно
2022-09-12 17:26:29,506 - [WARNING] - ERKNM - save_proverka(1550) - Получение номера и статуса проверки кнм не прошла: Message: no such element: Unable to locate element: {"method":"css selector","selector":".KnmHeader_Title__vO5Qr"}
  (Session info: chrome=105.0.5195.102)
Stacktrace:
Backtrace:
	Ordinal0 [0x005ADF13+2219795]
	Ordinal0 [0x00542841+1779777]
	Ordinal0 [0x0045423D+803389]
	Ordinal0 [0x00483025+995365]
	Ordinal0 [0x004831EB+995819]
	Ordinal0 [0x004B0F52+1183570]
	Ordinal0 [0x0049E844+1108036]
	Ordinal0 [0x004AF192+1175954]
	Ordinal0 [0x0049E616+1107478]
	Ordinal0 [0x00477F89+950153]
	Ordinal0 [0x00478F56+954198]
	GetHandleVerifier [0x008A2CB2+3040210]
	GetHandleVerifier [0x00892BB4+2974420]
	GetHandleVerifier [0x00646A0A+565546]
	GetHandleVerifier [0x00645680+560544]
	Ordinal0 [0x00549A5C+1808988]
	Ordinal0 [0x0054E3A8+1827752]
	Ordinal0 [0x0054E495+1827989]
	Ordinal0 [0x005580A4+1867940]
	BaseThreadInitThunk [0x75D5FA29+25]
	RtlGetAppContainerNamedObjectPath [0x77E47A9E+286]
	RtlGetAppContainerNamedObjectPath [0x77E47A6E+238]

2022-09-12 17:26:29,553 - [INFO] - ERKNM - enter_knms_in_erknm(132) - ('выездная|МБДОУ "Детский сад № 325" (бассейн)', {'детский сад': {'адрес': '603076, г.Н.Новгород,  ул. Сухопутная,  д. 4', 'начало проверки': '2023-03-09 00:00:00', 'окончание проверки': '2023-03-22 00:00:00', 'ОГРН': '1025202611862', 'деятельность': 'дошкольные образовательные организации', 'категория риска': 'чрезвычайно высокий риск', 'класс опасности': 'Второй', 'дата последнего планового кнм': '2022-02-14 00:00:00', 'строчка': 8}, 'детский сад1': {'адрес': '607605, Нижегородская область, г.Богородск, 2-й микрорайон, д.7Б', 'начало проверки': '2023-03-09 00:00:00', 'окончание проверки': '2023-03-22 00:00:00', 'ОГРН': '1025202611862', 'деятельность': 'дошкольные образовательные организации', 'категория риска': 'чрезвычайно высокий риск', 'класс опасности': 'Второй', 'дата последнего планового кнм': '2022-02-14 00:00:00', 'строчка': 9}}) has been entered in erknm!
2022-09-12 17:26:29,943 - [INFO] - ERKNM - enter_knms_in_erknm(142) - номер кнм выездная|МБДОУ "Детский сад № 325" (бассейн)  --->>>  None, status   --->>>  None
2022-09-12 17:26:34,574 - [INFO] - ERKNM - add_knm_visited(1087) - 
2022-09-12 17:26:34,574 - [INFO] - ERKNM - add_knm_visited(1088) - выездная|МАДОУ "Детский сад №3 "Звездочка"
2022-09-12 17:26:34,574 - [INFO] - ERKNM - add_knm_visited(1089) - 
2022-09-12 17:26:34,625 - [INFO] - ERKNM - add_knm_visited(1121) - вставляем наименование органа контроля
2022-09-12 17:26:35,717 - [INFO] - ERKNM - add_knm_visited(1132) - вставка наименования органа контроля прошла успешно
2022-09-12 17:26:35,717 - [INFO] - ERKNM - add_knm_visited(1136) - вставляем Вид контроля
2022-09-12 17:26:36,112 - [INFO] - ERKNM - add_knm_visited(1145) - вставка Вид контроля прошла успешно
2022-09-12 17:26:36,112 - [INFO] - ERKNM - add_knm_visited(1149) - вставляем Вид КНМ
2022-09-12 17:26:43,306 - [WARNING] - __main__ - <module>(118) - ОШИБКА ИСПОЛНЕНИЯ ПРОГРАММЫ! ('Connection aborted.', ConnectionResetError(10054, 'Удаленный хост принудительно разорвал существующее подключение', None, 10054, None))
2022-09-12 17:26:43,306 - [INFO] - __main__ - main(91) - Начало выполнения программы
2022-09-12 17:26:45,998 - [INFO] - undetected_chromedriver.patcher - patch_exe(231) - patching driver executable C:\Users\user\appdata\roaming\undetected_chromedriver\7beaf8c70cfc1da1_chromedriver.exe
