2023-01-12 09:43:14,730 - [INFO] - undetected_chromedriver.patcher - patch_exe(231) - patching driver executable C:\Users\zaitsev_ad\appdata\roaming\undetected_chromedriver\7810f678052d0e99_chromedriver.exe
2023-01-12 09:43:17,824 - [INFO] - main_ERKNM - __init__(59) - Начало авторизации
2023-01-12 09:43:27,118 - [INFO] - main_ERKNM - autorize(161) - Autorization successfull completed!
2023-01-12 09:43:51,067 - [INFO] - ERKNM_http.py - get_all_knm_for_a_year(168) - Запись в json завершена, заносим в базу данных
2023-01-12 09:43:51,067 - [INFO] - direct_sql.py - multiple_inserts(141) - старт программы
2023-01-12 09:46:19,926 - [INFO] - direct_sql.py - multiple_inserts(153) - Все проверки успешно занесены!
2023-01-12 09:56:01,510 - [INFO] - undetected_chromedriver.patcher - patch_exe(231) - patching driver executable C:\Users\zaitsev_ad\appdata\roaming\undetected_chromedriver\51251916c62ae91e_chromedriver.exe
2023-01-12 09:56:05,163 - [INFO] - main_ERKNM - __init__(59) - Начало авторизации
2023-01-12 09:56:17,327 - [INFO] - main_ERKNM - autorize(161) - Autorization successfull completed!
2023-01-12 10:06:13,174 - [INFO] - ERKNM_http.py - get_all_knm_for_a_year(168) - Запись в json завершена, заносим в базу данных
2023-01-12 10:06:13,179 - [INFO] - direct_sql.py - multiple_inserts(141) - старт программы
2023-01-12 11:01:54,721 - [INFO] - direct_sql.py - multiple_inserts(153) - Все проверки успешно занесены!
2023-01-12 18:09:19,761 - [INFO] - undetected_chromedriver.patcher - patch_exe(231) - patching driver executable C:\Users\zaitsev_ad\appdata\roaming\undetected_chromedriver\3cfd92cc1d3fa42c_chromedriver.exe
2023-01-12 18:09:23,328 - [INFO] - main_ERKNM - __init__(59) - Начало авторизации
2023-01-12 18:09:53,575 - [INFO] - undetected_chromedriver.patcher - patch_exe(231) - patching driver executable C:\Users\zaitsev_ad\appdata\roaming\undetected_chromedriver\3fe39a879c92285e_chromedriver.exe
2023-01-12 18:09:57,321 - [INFO] - main_ERKNM - __init__(59) - Начало авторизации
2023-01-12 18:10:11,734 - [INFO] - main_ERKNM - autorize(161) - Autorization successfull completed!
2023-01-12 18:10:40,960 - [INFO] - ERKNM_http.py - get_all_knm_for_a_year(168) - Запись в json завершена, заносим в базу данных
2023-01-12 18:10:40,961 - [INFO] - direct_sql.py - multiple_inserts(141) - старт программы
2023-01-12 18:11:48,308 - [INFO] - direct_sql.py - multiple_inserts(153) - Все проверки успешно занесены!
