2023-01-16 18:11:51,973 - [INFO] - undetected_chromedriver.patcher - patch_exe(231) - patching driver executable C:\Users\zaitsev_ad\appdata\roaming\undetected_chromedriver\a3e2059bf68756e4_chromedriver.exe
2023-01-16 18:11:54,914 - [INFO] - main_ERKNM - __init__(59) - Начало авторизации
2023-01-16 18:12:03,869 - [INFO] - main_ERKNM - autorize(161) - Autorization successfull completed!
2023-01-16 18:12:57,118 - [INFO] - ERKNM_http.py - get_all_pm_for_a_year(248) - сбор данных завершен, записываем для сохранения в json
2023-01-16 18:13:04,271 - [INFO] - ERKNM_http.py - get_all_pm_for_a_year(252) - Запись в json завершена, заносим в базу данных
2023-01-16 18:13:04,271 - [INFO] - direct_sql.py - multiple_inserts(141) - старт программы
2023-01-16 18:16:15,761 - [INFO] - direct_sql.py - multiple_inserts(153) - Все проверки успешно занесены!
2023-01-16 18:28:28,120 - [INFO] - undetected_chromedriver.patcher - patch_exe(231) - patching driver executable C:\Users\zaitsev_ad\appdata\roaming\undetected_chromedriver\438a7c555e234248_chromedriver.exe
2023-01-16 18:28:31,571 - [INFO] - main_ERKNM - __init__(59) - Начало авторизации
2023-01-16 18:28:40,950 - [INFO] - main_ERKNM - autorize(161) - Autorization successfull completed!
2023-01-16 18:29:34,272 - [INFO] - ERKNM_http.py - get_all_pm_for_a_year(248) - сбор данных завершен, записываем для сохранения в json
2023-01-16 18:29:41,561 - [INFO] - ERKNM_http.py - get_all_pm_for_a_year(252) - Запись в json завершена, заносим в базу данных
2023-01-16 18:29:41,561 - [INFO] - direct_sql.py - multiple_inserts(141) - старт программы
2023-01-16 18:32:34,039 - [INFO] - direct_sql.py - multiple_inserts(153) - Все проверки успешно занесены!
2023-01-16 18:49:44,666 - [INFO] - undetected_chromedriver.patcher - patch_exe(231) - patching driver executable C:\Users\zaitsev_ad\appdata\roaming\undetected_chromedriver\c75a962df34e6039_chromedriver.exe
2023-01-16 18:49:48,560 - [INFO] - main_ERKNM - __init__(59) - Начало авторизации
2023-01-16 18:49:59,117 - [INFO] - main_ERKNM - autorize(161) - Autorization successfull completed!
2023-01-16 18:50:02,055 - [INFO] - ERKNM_http.py - get_all_pm_for_a_year(248) - сбор данных завершен, записываем для сохранения в json
2023-01-16 18:50:02,119 - [INFO] - ERKNM_http.py - get_all_pm_for_a_year(252) - Запись в json завершена, заносим в базу данных
2023-01-16 18:50:02,120 - [INFO] - direct_sql.py - multiple_inserts(141) - старт программы
2023-01-16 18:50:14,515 - [INFO] - direct_sql.py - multiple_inserts(153) - Все проверки успешно занесены!
2023-01-16 18:54:22,915 - [INFO] - undetected_chromedriver.patcher - patch_exe(231) - patching driver executable C:\Users\zaitsev_ad\appdata\roaming\undetected_chromedriver\0208916b9eba4e01_chromedriver.exe
2023-01-16 18:54:25,799 - [INFO] - main_ERKNM - __init__(59) - Начало авторизации
2023-01-16 18:54:35,120 - [INFO] - main_ERKNM - autorize(161) - Autorization successfull completed!
2023-01-16 18:54:37,939 - [INFO] - ERKNM_http.py - get_all_pm_for_a_year(248) - сбор данных завершен, записываем для сохранения в json
2023-01-16 18:54:37,970 - [INFO] - ERKNM_http.py - get_all_pm_for_a_year(252) - Запись в json завершена, заносим в базу данных
2023-01-16 18:54:37,971 - [INFO] - direct_sql.py - multiple_inserts(141) - старт программы
2023-01-16 18:54:43,811 - [INFO] - direct_sql.py - multiple_inserts(153) - Все проверки успешно занесены!
2023-01-16 19:15:38,694 - [INFO] - undetected_chromedriver.patcher - patch_exe(231) - patching driver executable C:\Users\zaitsev_ad\appdata\roaming\undetected_chromedriver\7341f83bc2165b6c_chromedriver.exe
2023-01-16 19:15:42,166 - [INFO] - main_ERKNM - __init__(59) - Начало авторизации
2023-01-16 19:15:51,893 - [INFO] - main_ERKNM - autorize(161) - Autorization successfull completed!
2023-01-16 19:15:54,684 - [INFO] - ERKNM_http.py - get_all_pm_for_a_year(248) - сбор данных завершен, записываем для сохранения в json
2023-01-16 19:15:54,716 - [INFO] - ERKNM_http.py - get_all_pm_for_a_year(252) - Запись в json завершена, заносим в базу данных
2023-01-16 19:15:54,716 - [INFO] - direct_sql.py - multiple_inserts(141) - старт программы
2023-01-16 19:15:59,149 - [INFO] - direct_sql.py - multiple_inserts(153) - Все проверки успешно занесены!
2023-01-16 19:20:47,240 - [INFO] - undetected_chromedriver.patcher - patch_exe(231) - patching driver executable C:\Users\zaitsev_ad\appdata\roaming\undetected_chromedriver\ea30f27b3582e386_chromedriver.exe
2023-01-16 19:20:49,996 - [INFO] - main_ERKNM - __init__(59) - Начало авторизации
2023-01-16 19:21:00,112 - [INFO] - main_ERKNM - autorize(161) - Autorization successfull completed!
2023-01-16 19:21:02,979 - [INFO] - ERKNM_http.py - get_all_pm_for_a_year(248) - сбор данных завершен, записываем для сохранения в json
2023-01-16 19:21:03,023 - [INFO] - ERKNM_http.py - get_all_pm_for_a_year(252) - Запись в json завершена, заносим в базу данных
2023-01-16 19:21:03,023 - [INFO] - direct_sql.py - multiple_inserts(141) - старт программы
2023-01-16 19:21:08,744 - [INFO] - direct_sql.py - multiple_inserts(153) - Все проверки успешно занесены!
2023-01-16 19:39:34,550 - [INFO] - undetected_chromedriver.patcher - patch_exe(231) - patching driver executable C:\Users\zaitsev_ad\appdata\roaming\undetected_chromedriver\f03b3b29182cd65d_chromedriver.exe
2023-01-16 19:39:39,455 - [INFO] - main_ERKNM - __init__(59) - Начало авторизации
2023-01-16 19:39:49,514 - [INFO] - main_ERKNM - autorize(161) - Autorization successfull completed!
2023-01-16 19:39:52,475 - [INFO] - ERKNM_http.py - get_all_pm_for_a_year(248) - сбор данных завершен, записываем для сохранения в json
2023-01-16 19:39:52,508 - [INFO] - ERKNM_http.py - get_all_pm_for_a_year(252) - Запись в json завершена, заносим в базу данных
2023-01-16 19:39:52,509 - [INFO] - direct_sql.py - multiple_inserts(141) - старт программы
2023-01-16 19:39:57,287 - [INFO] - direct_sql.py - multiple_inserts(153) - Все проверки успешно занесены!
