2022-11-21 18:10:41,954 - [INFO] - undetected_chromedriver.patcher - patch_exe(231) - patching driver executable C:\Users\zaitsev_ad\appdata\roaming\undetected_chromedriver\3683b800da719a85_chromedriver.exe
2022-11-21 18:10:50,446 - [INFO] - ERKNM - __init__(54) - Начало авторизации
2022-11-21 18:10:55,361 - [WARNING] - ERKNM - Controller(72) - Ошибка авторизации: functools.partial(<bound method erknm.autorize of <ERKNM.erknm object at 0x000002AB2CA7BC10>>) Message: no such element: Unable to locate element: {"method":"xpath","selector":"//*[@id="loginByPwdButton"]"}
  (Session info: headless chrome=107.0.5304.107)
Stacktrace:
Backtrace:
	Ordinal0 [0x0025ACD3+2075859]
	Ordinal0 [0x001EEE61+1633889]
	Ordinal0 [0x000EB7BD+571325]
	Ordinal0 [0x0011AC2F+764975]
	Ordinal0 [0x0011AE1B+765467]
	Ordinal0 [0x0014D0F2+970994]
	Ordinal0 [0x00137364+881508]
	Ordinal0 [0x0014B56A+963946]
	Ordinal0 [0x00137136+880950]
	Ordinal0 [0x0010FEFD+720637]
	Ordinal0 [0x00110F3F+724799]
	GetHandleVerifier [0x0050EED2+2769538]
	GetHandleVerifier [0x00500D95+2711877]
	GetHandleVerifier [0x002EA03A+521194]
	GetHandleVerifier [0x002E8DA0+516432]
	Ordinal0 [0x001F682C+1665068]
	Ordinal0 [0x001FB128+1683752]
	Ordinal0 [0x001FB215+1683989]
	Ordinal0 [0x00206484+1729668]
	BaseThreadInitThunk [0x76D6FA29+25]
	RtlGetAppContainerNamedObjectPath [0x77DC7A9E+286]
	RtlGetAppContainerNamedObjectPath [0x77DC7A6E+238]
	(No symbol) [0x00000000]

2022-11-21 18:10:59,159 - [WARNING] - ERKNM - Controller(72) - Ошибка авторизации: functools.partial(<bound method erknm.autorize of <ERKNM.erknm object at 0x000002AB2CA7BC10>>) Message: no such element: Unable to locate element: {"method":"xpath","selector":"//*[@id="loginByPwdButton"]"}
  (Session info: headless chrome=107.0.5304.107)
Stacktrace:
Backtrace:
	Ordinal0 [0x0025ACD3+2075859]
	Ordinal0 [0x001EEE61+1633889]
	Ordinal0 [0x000EB7BD+571325]
	Ordinal0 [0x0011AC2F+764975]
	Ordinal0 [0x0011AE1B+765467]
	Ordinal0 [0x0014D0F2+970994]
	Ordinal0 [0x00137364+881508]
	Ordinal0 [0x0014B56A+963946]
	Ordinal0 [0x00137136+880950]
	Ordinal0 [0x0010FEFD+720637]
	Ordinal0 [0x00110F3F+724799]
	GetHandleVerifier [0x0050EED2+2769538]
	GetHandleVerifier [0x00500D95+2711877]
	GetHandleVerifier [0x002EA03A+521194]
	GetHandleVerifier [0x002E8DA0+516432]
	Ordinal0 [0x001F682C+1665068]
	Ordinal0 [0x001FB128+1683752]
	Ordinal0 [0x001FB215+1683989]
	Ordinal0 [0x00206484+1729668]
	BaseThreadInitThunk [0x76D6FA29+25]
	RtlGetAppContainerNamedObjectPath [0x77DC7A9E+286]
	RtlGetAppContainerNamedObjectPath [0x77DC7A6E+238]
	(No symbol) [0x00000000]

2022-11-21 18:11:02,566 - [WARNING] - ERKNM - Controller(72) - Ошибка авторизации: functools.partial(<bound method erknm.autorize of <ERKNM.erknm object at 0x000002AB2CA7BC10>>) Message: no such element: Unable to locate element: {"method":"xpath","selector":"//*[@id="loginByPwdButton"]"}
  (Session info: headless chrome=107.0.5304.107)
Stacktrace:
Backtrace:
	Ordinal0 [0x0025ACD3+2075859]
	Ordinal0 [0x001EEE61+1633889]
	Ordinal0 [0x000EB7BD+571325]
	Ordinal0 [0x0011AC2F+764975]
	Ordinal0 [0x0011AE1B+765467]
	Ordinal0 [0x0014D0F2+970994]
	Ordinal0 [0x00137364+881508]
	Ordinal0 [0x0014B56A+963946]
	Ordinal0 [0x00137136+880950]
	Ordinal0 [0x0010FEFD+720637]
	Ordinal0 [0x00110F3F+724799]
	GetHandleVerifier [0x0050EED2+2769538]
	GetHandleVerifier [0x00500D95+2711877]
	GetHandleVerifier [0x002EA03A+521194]
	GetHandleVerifier [0x002E8DA0+516432]
	Ordinal0 [0x001F682C+1665068]
	Ordinal0 [0x001FB128+1683752]
	Ordinal0 [0x001FB215+1683989]
	Ordinal0 [0x00206484+1729668]
	BaseThreadInitThunk [0x76D6FA29+25]
	RtlGetAppContainerNamedObjectPath [0x77DC7A9E+286]
	RtlGetAppContainerNamedObjectPath [0x77DC7A6E+238]
	(No symbol) [0x00000000]

2022-11-21 18:11:05,383 - [WARNING] - ERKNM - Controller(72) - Ошибка авторизации: functools.partial(<bound method erknm.autorize of <ERKNM.erknm object at 0x000002AB2CA7BC10>>) Message: no such element: Unable to locate element: {"method":"xpath","selector":"//*[@id="loginByPwdButton"]"}
  (Session info: headless chrome=107.0.5304.107)
Stacktrace:
Backtrace:
	Ordinal0 [0x0025ACD3+2075859]
	Ordinal0 [0x001EEE61+1633889]
	Ordinal0 [0x000EB7BD+571325]
	Ordinal0 [0x0011AC2F+764975]
	Ordinal0 [0x0011AE1B+765467]
	Ordinal0 [0x0014D0F2+970994]
	Ordinal0 [0x00137364+881508]
	Ordinal0 [0x0014B56A+963946]
	Ordinal0 [0x00137136+880950]
	Ordinal0 [0x0010FEFD+720637]
	Ordinal0 [0x00110F3F+724799]
	GetHandleVerifier [0x0050EED2+2769538]
	GetHandleVerifier [0x00500D95+2711877]
	GetHandleVerifier [0x002EA03A+521194]
	GetHandleVerifier [0x002E8DA0+516432]
	Ordinal0 [0x001F682C+1665068]
	Ordinal0 [0x001FB128+1683752]
	Ordinal0 [0x001FB215+1683989]
	Ordinal0 [0x00206484+1729668]
	BaseThreadInitThunk [0x76D6FA29+25]
	RtlGetAppContainerNamedObjectPath [0x77DC7A9E+286]
	RtlGetAppContainerNamedObjectPath [0x77DC7A6E+238]
	(No symbol) [0x00000000]

2022-11-21 18:11:08,052 - [WARNING] - ERKNM - Controller(72) - Ошибка авторизации: functools.partial(<bound method erknm.autorize of <ERKNM.erknm object at 0x000002AB2CA7BC10>>) Message: no such element: Unable to locate element: {"method":"xpath","selector":"//*[@id="loginByPwdButton"]"}
  (Session info: headless chrome=107.0.5304.107)
Stacktrace:
Backtrace:
	Ordinal0 [0x0025ACD3+2075859]
	Ordinal0 [0x001EEE61+1633889]
	Ordinal0 [0x000EB7BD+571325]
	Ordinal0 [0x0011AC2F+764975]
	Ordinal0 [0x0011AE1B+765467]
	Ordinal0 [0x0014D0F2+970994]
	Ordinal0 [0x00137364+881508]
	Ordinal0 [0x0014B56A+963946]
	Ordinal0 [0x00137136+880950]
	Ordinal0 [0x0010FEFD+720637]
	Ordinal0 [0x00110F3F+724799]
	GetHandleVerifier [0x0050EED2+2769538]
	GetHandleVerifier [0x00500D95+2711877]
	GetHandleVerifier [0x002EA03A+521194]
	GetHandleVerifier [0x002E8DA0+516432]
	Ordinal0 [0x001F682C+1665068]
	Ordinal0 [0x001FB128+1683752]
	Ordinal0 [0x001FB215+1683989]
	Ordinal0 [0x00206484+1729668]
	BaseThreadInitThunk [0x76D6FA29+25]
	RtlGetAppContainerNamedObjectPath [0x77DC7A9E+286]
	RtlGetAppContainerNamedObjectPath [0x77DC7A6E+238]
	(No symbol) [0x00000000]

2022-11-21 18:11:08,052 - [INFO] - ERKNM - Controller(76) - functools.partial(<bound method erknm.autorize of <ERKNM.erknm object at 0x000002AB2CA7BC10>>) не удалась, имеется непредвиденная ошибка, было предпринято 5 попыток
2022-11-21 18:11:12,308 - [WARNING] - urllib3.connectionpool - urlopen(812) - Retrying (Retry(total=2, connect=None, read=None, redirect=None, status=None)) after connection broken by 'NewConnectionError('<urllib3.connection.HTTPConnection object at 0x000002AB2CB09600>: Failed to establish a new connection: [WinError 10061] Подключение не установлено, т.к. конечный компьютер отверг запрос на подключение')': /session/03d9fbec5b0ae4194c2fa861383f669e/execute/sync
2022-11-21 18:11:16,369 - [WARNING] - urllib3.connectionpool - urlopen(812) - Retrying (Retry(total=1, connect=None, read=None, redirect=None, status=None)) after connection broken by 'NewConnectionError('<urllib3.connection.HTTPConnection object at 0x000002AB2CB098D0>: Failed to establish a new connection: [WinError 10061] Подключение не установлено, т.к. конечный компьютер отверг запрос на подключение')': /session/03d9fbec5b0ae4194c2fa861383f669e/execute/sync
2022-11-21 18:11:20,431 - [WARNING] - urllib3.connectionpool - urlopen(812) - Retrying (Retry(total=0, connect=None, read=None, redirect=None, status=None)) after connection broken by 'NewConnectionError('<urllib3.connection.HTTPConnection object at 0x000002AB2CB09150>: Failed to establish a new connection: [WinError 10061] Подключение не установлено, т.к. конечный компьютер отверг запрос на подключение')': /session/03d9fbec5b0ae4194c2fa861383f669e/execute/sync
2022-11-21 18:11:28,658 - [WARNING] - urllib3.connectionpool - urlopen(812) - Retrying (Retry(total=2, connect=None, read=None, redirect=None, status=None)) after connection broken by 'NewConnectionError('<urllib3.connection.HTTPConnection object at 0x000002AB28A3A0B0>: Failed to establish a new connection: [WinError 10061] Подключение не установлено, т.к. конечный компьютер отверг запрос на подключение')': /session/03d9fbec5b0ae4194c2fa861383f669e
2022-11-21 18:11:32,708 - [WARNING] - urllib3.connectionpool - urlopen(812) - Retrying (Retry(total=1, connect=None, read=None, redirect=None, status=None)) after connection broken by 'NewConnectionError('<urllib3.connection.HTTPConnection object at 0x000002AB2AC9EA10>: Failed to establish a new connection: [WinError 10061] Подключение не установлено, т.к. конечный компьютер отверг запрос на подключение')': /session/03d9fbec5b0ae4194c2fa861383f669e
2022-11-21 18:11:36,752 - [WARNING] - urllib3.connectionpool - urlopen(812) - Retrying (Retry(total=0, connect=None, read=None, redirect=None, status=None)) after connection broken by 'NewConnectionError('<urllib3.connection.HTTPConnection object at 0x000002AB2BD21C60>: Failed to establish a new connection: [WinError 10061] Подключение не установлено, т.к. конечный компьютер отверг запрос на подключение')': /session/03d9fbec5b0ae4194c2fa861383f669e
2022-11-21 18:11:48,920 - [INFO] - undetected_chromedriver.patcher - patch_exe(231) - patching driver executable C:\Users\zaitsev_ad\appdata\roaming\undetected_chromedriver\1923ceaabbe95019_chromedriver.exe
2022-11-21 18:11:59,675 - [INFO] - ERKNM - __init__(54) - Начало авторизации
2022-11-21 18:12:05,506 - [WARNING] - ERKNM - Controller(72) - Ошибка авторизации: functools.partial(<bound method erknm.autorize of <ERKNM.erknm object at 0x000002316FAB7430>>) Message: no such element: Unable to locate element: {"method":"xpath","selector":"//*[@id="loginByPwdButton"]"}
  (Session info: chrome=107.0.5304.107)
Stacktrace:
Backtrace:
	Ordinal0 [0x00DFACD3+2075859]
	Ordinal0 [0x00D8EE61+1633889]
	Ordinal0 [0x00C8B7BD+571325]
	Ordinal0 [0x00CBAC2F+764975]
	Ordinal0 [0x00CBAE1B+765467]
	Ordinal0 [0x00CED0F2+970994]
	Ordinal0 [0x00CD7364+881508]
	Ordinal0 [0x00CEB56A+963946]
	Ordinal0 [0x00CD7136+880950]
	Ordinal0 [0x00CAFEFD+720637]
	Ordinal0 [0x00CB0F3F+724799]
	GetHandleVerifier [0x010AEED2+2769538]
	GetHandleVerifier [0x010A0D95+2711877]
	GetHandleVerifier [0x00E8A03A+521194]
	GetHandleVerifier [0x00E88DA0+516432]
	Ordinal0 [0x00D9682C+1665068]
	Ordinal0 [0x00D9B128+1683752]
	Ordinal0 [0x00D9B215+1683989]
	Ordinal0 [0x00DA6484+1729668]
	BaseThreadInitThunk [0x76D6FA29+25]
	RtlGetAppContainerNamedObjectPath [0x77DC7A9E+286]
	RtlGetAppContainerNamedObjectPath [0x77DC7A6E+238]

2022-11-21 18:12:09,957 - [WARNING] - ERKNM - Controller(72) - Ошибка авторизации: functools.partial(<bound method erknm.autorize of <ERKNM.erknm object at 0x000002316FAB7430>>) Message: no such element: Unable to locate element: {"method":"xpath","selector":"//*[@id="loginByPwdButton"]"}
  (Session info: chrome=107.0.5304.107)
Stacktrace:
Backtrace:
	Ordinal0 [0x00DFACD3+2075859]
	Ordinal0 [0x00D8EE61+1633889]
	Ordinal0 [0x00C8B7BD+571325]
	Ordinal0 [0x00CBAC2F+764975]
	Ordinal0 [0x00CBAE1B+765467]
	Ordinal0 [0x00CED0F2+970994]
	Ordinal0 [0x00CD7364+881508]
	Ordinal0 [0x00CEB56A+963946]
	Ordinal0 [0x00CD7136+880950]
	Ordinal0 [0x00CAFEFD+720637]
	Ordinal0 [0x00CB0F3F+724799]
	GetHandleVerifier [0x010AEED2+2769538]
	GetHandleVerifier [0x010A0D95+2711877]
	GetHandleVerifier [0x00E8A03A+521194]
	GetHandleVerifier [0x00E88DA0+516432]
	Ordinal0 [0x00D9682C+1665068]
	Ordinal0 [0x00D9B128+1683752]
	Ordinal0 [0x00D9B215+1683989]
	Ordinal0 [0x00DA6484+1729668]
	BaseThreadInitThunk [0x76D6FA29+25]
	RtlGetAppContainerNamedObjectPath [0x77DC7A9E+286]
	RtlGetAppContainerNamedObjectPath [0x77DC7A6E+238]

2022-11-21 18:12:13,358 - [WARNING] - ERKNM - Controller(72) - Ошибка авторизации: functools.partial(<bound method erknm.autorize of <ERKNM.erknm object at 0x000002316FAB7430>>) Message: no such element: Unable to locate element: {"method":"xpath","selector":"//*[@id="loginByPwdButton"]"}
  (Session info: chrome=107.0.5304.107)
Stacktrace:
Backtrace:
	Ordinal0 [0x00DFACD3+2075859]
	Ordinal0 [0x00D8EE61+1633889]
	Ordinal0 [0x00C8B7BD+571325]
	Ordinal0 [0x00CBAC2F+764975]
	Ordinal0 [0x00CBAE1B+765467]
	Ordinal0 [0x00CED0F2+970994]
	Ordinal0 [0x00CD7364+881508]
	Ordinal0 [0x00CEB56A+963946]
	Ordinal0 [0x00CD7136+880950]
	Ordinal0 [0x00CAFEFD+720637]
	Ordinal0 [0x00CB0F3F+724799]
	GetHandleVerifier [0x010AEED2+2769538]
	GetHandleVerifier [0x010A0D95+2711877]
	GetHandleVerifier [0x00E8A03A+521194]
	GetHandleVerifier [0x00E88DA0+516432]
	Ordinal0 [0x00D9682C+1665068]
	Ordinal0 [0x00D9B128+1683752]
	Ordinal0 [0x00D9B215+1683989]
	Ordinal0 [0x00DA6484+1729668]
	BaseThreadInitThunk [0x76D6FA29+25]
	RtlGetAppContainerNamedObjectPath [0x77DC7A9E+286]
	RtlGetAppContainerNamedObjectPath [0x77DC7A6E+238]

2022-11-21 18:12:16,738 - [WARNING] - ERKNM - Controller(72) - Ошибка авторизации: functools.partial(<bound method erknm.autorize of <ERKNM.erknm object at 0x000002316FAB7430>>) Message: no such element: Unable to locate element: {"method":"xpath","selector":"//*[@id="loginByPwdButton"]"}
  (Session info: chrome=107.0.5304.107)
Stacktrace:
Backtrace:
	Ordinal0 [0x00DFACD3+2075859]
	Ordinal0 [0x00D8EE61+1633889]
	Ordinal0 [0x00C8B7BD+571325]
	Ordinal0 [0x00CBAC2F+764975]
	Ordinal0 [0x00CBAE1B+765467]
	Ordinal0 [0x00CED0F2+970994]
	Ordinal0 [0x00CD7364+881508]
	Ordinal0 [0x00CEB56A+963946]
	Ordinal0 [0x00CD7136+880950]
	Ordinal0 [0x00CAFEFD+720637]
	Ordinal0 [0x00CB0F3F+724799]
	GetHandleVerifier [0x010AEED2+2769538]
	GetHandleVerifier [0x010A0D95+2711877]
	GetHandleVerifier [0x00E8A03A+521194]
	GetHandleVerifier [0x00E88DA0+516432]
	Ordinal0 [0x00D9682C+1665068]
	Ordinal0 [0x00D9B128+1683752]
	Ordinal0 [0x00D9B215+1683989]
	Ordinal0 [0x00DA6484+1729668]
	BaseThreadInitThunk [0x76D6FA29+25]
	RtlGetAppContainerNamedObjectPath [0x77DC7A9E+286]
	RtlGetAppContainerNamedObjectPath [0x77DC7A6E+238]

2022-11-21 18:12:19,419 - [WARNING] - ERKNM - Controller(72) - Ошибка авторизации: functools.partial(<bound method erknm.autorize of <ERKNM.erknm object at 0x000002316FAB7430>>) Message: no such element: Unable to locate element: {"method":"xpath","selector":"//*[@id="loginByPwdButton"]"}
  (Session info: chrome=107.0.5304.107)
Stacktrace:
Backtrace:
	Ordinal0 [0x00DFACD3+2075859]
	Ordinal0 [0x00D8EE61+1633889]
	Ordinal0 [0x00C8B7BD+571325]
	Ordinal0 [0x00CBAC2F+764975]
	Ordinal0 [0x00CBAE1B+765467]
	Ordinal0 [0x00CED0F2+970994]
	Ordinal0 [0x00CD7364+881508]
	Ordinal0 [0x00CEB56A+963946]
	Ordinal0 [0x00CD7136+880950]
	Ordinal0 [0x00CAFEFD+720637]
	Ordinal0 [0x00CB0F3F+724799]
	GetHandleVerifier [0x010AEED2+2769538]
	GetHandleVerifier [0x010A0D95+2711877]
	GetHandleVerifier [0x00E8A03A+521194]
	GetHandleVerifier [0x00E88DA0+516432]
	Ordinal0 [0x00D9682C+1665068]
	Ordinal0 [0x00D9B128+1683752]
	Ordinal0 [0x00D9B215+1683989]
	Ordinal0 [0x00DA6484+1729668]
	BaseThreadInitThunk [0x76D6FA29+25]
	RtlGetAppContainerNamedObjectPath [0x77DC7A9E+286]
	RtlGetAppContainerNamedObjectPath [0x77DC7A6E+238]

2022-11-21 18:12:19,419 - [INFO] - ERKNM - Controller(76) - functools.partial(<bound method erknm.autorize of <ERKNM.erknm object at 0x000002316FAB7430>>) не удалась, имеется непредвиденная ошибка, было предпринято 5 попыток
2022-11-21 18:12:23,933 - [WARNING] - urllib3.connectionpool - urlopen(812) - Retrying (Retry(total=2, connect=None, read=None, redirect=None, status=None)) after connection broken by 'NewConnectionError('<urllib3.connection.HTTPConnection object at 0x000002316FB58FA0>: Failed to establish a new connection: [WinError 10061] Подключение не установлено, т.к. конечный компьютер отверг запрос на подключение')': /session/9d31be1a8800a09da1913a70279abe67/execute/sync
2022-11-21 18:12:28,002 - [WARNING] - urllib3.connectionpool - urlopen(812) - Retrying (Retry(total=1, connect=None, read=None, redirect=None, status=None)) after connection broken by 'NewConnectionError('<urllib3.connection.HTTPConnection object at 0x000002316FB59240>: Failed to establish a new connection: [WinError 10061] Подключение не установлено, т.к. конечный компьютер отверг запрос на подключение')': /session/9d31be1a8800a09da1913a70279abe67/execute/sync
2022-11-21 18:12:32,094 - [WARNING] - urllib3.connectionpool - urlopen(812) - Retrying (Retry(total=0, connect=None, read=None, redirect=None, status=None)) after connection broken by 'NewConnectionError('<urllib3.connection.HTTPConnection object at 0x000002316FB590C0>: Failed to establish a new connection: [WinError 10061] Подключение не установлено, т.к. конечный компьютер отверг запрос на подключение')': /session/9d31be1a8800a09da1913a70279abe67/execute/sync
2022-11-21 18:12:40,589 - [WARNING] - urllib3.connectionpool - urlopen(812) - Retrying (Retry(total=2, connect=None, read=None, redirect=None, status=None)) after connection broken by 'NewConnectionError('<urllib3.connection.HTTPConnection object at 0x000002316BA7A0B0>: Failed to establish a new connection: [WinError 10061] Подключение не установлено, т.к. конечный компьютер отверг запрос на подключение')': /session/9d31be1a8800a09da1913a70279abe67
2022-11-21 18:12:44,660 - [WARNING] - urllib3.connectionpool - urlopen(812) - Retrying (Retry(total=1, connect=None, read=None, redirect=None, status=None)) after connection broken by 'NewConnectionError('<urllib3.connection.HTTPConnection object at 0x000002316DCEE980>: Failed to establish a new connection: [WinError 10061] Подключение не установлено, т.к. конечный компьютер отверг запрос на подключение')': /session/9d31be1a8800a09da1913a70279abe67
2022-11-21 18:12:48,722 - [WARNING] - urllib3.connectionpool - urlopen(812) - Retrying (Retry(total=0, connect=None, read=None, redirect=None, status=None)) after connection broken by 'NewConnectionError('<urllib3.connection.HTTPConnection object at 0x000002316ED56830>: Failed to establish a new connection: [WinError 10061] Подключение не установлено, т.к. конечный компьютер отверг запрос на подключение')': /session/9d31be1a8800a09da1913a70279abe67
2022-11-21 19:16:46,309 - [INFO] - undetected_chromedriver.patcher - patch_exe(231) - patching driver executable C:\Users\zaitsev_ad\appdata\roaming\undetected_chromedriver\383296f46b34c27e_chromedriver.exe
2022-11-21 19:17:18,677 - [INFO] - undetected_chromedriver.patcher - patch_exe(231) - patching driver executable C:\Users\zaitsev_ad\appdata\roaming\undetected_chromedriver\0a4c66f2dfe1cfbe_chromedriver.exe
2022-11-21 19:17:30,176 - [INFO] - main_ERKNM - __init__(55) - Начало авторизации
2022-11-21 19:17:58,260 - [INFO] - undetected_chromedriver.patcher - patch_exe(231) - patching driver executable C:\Users\zaitsev_ad\appdata\roaming\undetected_chromedriver\43bb2d4ae262561e_chromedriver.exe
2022-11-21 19:18:17,384 - [INFO] - main_ERKNM - __init__(55) - Начало авторизации
2022-11-21 19:18:56,573 - [INFO] - undetected_chromedriver.patcher - patch_exe(231) - patching driver executable C:\Users\zaitsev_ad\appdata\roaming\undetected_chromedriver\cbd099c0d27f6b37_chromedriver.exe
2022-11-21 19:19:08,379 - [INFO] - main_ERKNM - __init__(55) - Начало авторизации
2022-11-21 19:19:59,408 - [INFO] - undetected_chromedriver.patcher - patch_exe(231) - patching driver executable C:\Users\zaitsev_ad\appdata\roaming\undetected_chromedriver\6d28b8cd521522eb_chromedriver.exe
2022-11-21 19:20:11,132 - [INFO] - main_ERKNM - __init__(55) - Начало авторизации
2022-11-21 19:20:25,137 - [INFO] - main_ERKNM - autorize(133) - Autorization successfull completed!
2022-11-21 19:21:46,940 - [INFO] - undetected_chromedriver.patcher - patch_exe(231) - patching driver executable C:\Users\zaitsev_ad\appdata\roaming\undetected_chromedriver\5a61833b5e168072_chromedriver.exe
2022-11-21 19:21:58,362 - [INFO] - main_ERKNM - __init__(55) - Начало авторизации
2022-11-21 19:22:17,906 - [INFO] - main_ERKNM - autorize(133) - Autorization successfull completed!
2022-11-21 19:25:39,481 - [INFO] - undetected_chromedriver.patcher - patch_exe(231) - patching driver executable C:\Users\zaitsev_ad\appdata\roaming\undetected_chromedriver\f5d28820f8ef7f20_chromedriver.exe
2022-11-21 19:25:55,040 - [INFO] - main_ERKNM - __init__(56) - Начало авторизации
2022-11-21 19:26:08,502 - [INFO] - main_ERKNM - autorize(134) - Autorization successfull completed!
2022-11-21 19:29:04,399 - [INFO] - undetected_chromedriver.patcher - patch_exe(231) - patching driver executable C:\Users\zaitsev_ad\appdata\roaming\undetected_chromedriver\964f9ef75ce07a73_chromedriver.exe
2022-11-21 19:29:13,140 - [INFO] - main_ERKNM - __init__(56) - Начало авторизации
2022-11-21 19:29:23,292 - [INFO] - main_ERKNM - autorize(134) - Autorization successfull completed!
2022-11-21 19:29:47,723 - [INFO] - undetected_chromedriver.patcher - patch_exe(231) - patching driver executable C:\Users\zaitsev_ad\appdata\roaming\undetected_chromedriver\0130cedc497015b3_chromedriver.exe
2022-11-21 19:29:55,951 - [INFO] - main_ERKNM - __init__(56) - Начало авторизации
2022-11-21 19:30:06,619 - [INFO] - main_ERKNM - autorize(134) - Autorization successfull completed!
2022-11-21 20:16:13,870 - [INFO] - undetected_chromedriver.patcher - patch_exe(231) - patching driver executable C:\Users\zaitsev_ad\appdata\roaming\undetected_chromedriver\c328e5aef7e0cbe0_chromedriver.exe
2022-11-21 20:16:24,266 - [INFO] - main_ERKNM - __init__(56) - Начало авторизации
2022-11-21 20:16:35,469 - [INFO] - main_ERKNM - autorize(134) - Autorization successfull completed!
2022-11-21 20:19:42,934 - [INFO] - undetected_chromedriver.patcher - patch_exe(231) - patching driver executable C:\Users\zaitsev_ad\appdata\roaming\undetected_chromedriver\0876cd9f07b02079_chromedriver.exe
2022-11-21 20:19:51,395 - [INFO] - main_ERKNM - __init__(56) - Начало авторизации
2022-11-21 20:20:02,408 - [INFO] - main_ERKNM - autorize(134) - Autorization successfull completed!
2022-11-21 20:20:23,704 - [INFO] - undetected_chromedriver.patcher - patch_exe(231) - patching driver executable C:\Users\zaitsev_ad\appdata\roaming\undetected_chromedriver\63852df565d68c6f_chromedriver.exe
2022-11-21 20:20:30,891 - [INFO] - main_ERKNM - __init__(56) - Начало авторизации
2022-11-21 20:20:41,381 - [INFO] - main_ERKNM - autorize(134) - Autorization successfull completed!
2022-11-21 20:20:48,006 - [WARNING] - urllib3.connectionpool - urlopen(812) - Retrying (Retry(total=2, connect=None, read=None, redirect=None, status=None)) after connection broken by 'NewConnectionError('<urllib3.connection.HTTPConnection object at 0x000002284A484D90>: Failed to establish a new connection: [WinError 10061] Подключение не установлено, т.к. конечный компьютер отверг запрос на подключение')': /session/78d41d0dfa60e3d7b29d6d469bf851d5
2022-11-21 20:20:52,097 - [WARNING] - urllib3.connectionpool - urlopen(812) - Retrying (Retry(total=1, connect=None, read=None, redirect=None, status=None)) after connection broken by 'NewConnectionError('<urllib3.connection.HTTPConnection object at 0x00000228468CFBB0>: Failed to establish a new connection: [WinError 10061] Подключение не установлено, т.к. конечный компьютер отверг запрос на подключение')': /session/78d41d0dfa60e3d7b29d6d469bf851d5
2022-11-21 20:20:56,157 - [WARNING] - urllib3.connectionpool - urlopen(812) - Retrying (Retry(total=0, connect=None, read=None, redirect=None, status=None)) after connection broken by 'NewConnectionError('<urllib3.connection.HTTPConnection object at 0x00000228468CED10>: Failed to establish a new connection: [WinError 10061] Подключение не установлено, т.к. конечный компьютер отверг запрос на подключение')': /session/78d41d0dfa60e3d7b29d6d469bf851d5
2022-11-21 20:25:37,646 - [INFO] - undetected_chromedriver.patcher - patch_exe(231) - patching driver executable C:\Users\zaitsev_ad\appdata\roaming\undetected_chromedriver\7945dab5ee6a902a_chromedriver.exe
2022-11-21 20:25:46,590 - [INFO] - main_ERKNM - __init__(56) - Начало авторизации
2022-11-21 20:25:59,767 - [INFO] - main_ERKNM - autorize(134) - Autorization successfull completed!
2022-11-21 20:26:08,474 - [WARNING] - urllib3.connectionpool - urlopen(812) - Retrying (Retry(total=2, connect=None, read=None, redirect=None, status=None)) after connection broken by 'NewConnectionError('<urllib3.connection.HTTPConnection object at 0x000001D667EC4CA0>: Failed to establish a new connection: [WinError 10061] Подключение не установлено, т.к. конечный компьютер отверг запрос на подключение')': /session/51ed901659a449a8768978b828116c26
