2022-11-22 09:41:37,675 - [INFO] - undetected_chromedriver.patcher - patch_exe(231) - patching driver executable C:\Users\zaitsev_ad\appdata\roaming\undetected_chromedriver\f95907d649497de6_chromedriver.exe
2022-11-22 09:41:44,462 - [INFO] - main_ERKNM - __init__(56) - Начало авторизации
2022-11-22 09:41:55,377 - [INFO] - main_ERKNM - autorize(134) - Autorization successfull completed!
2022-11-22 09:42:02,056 - [WARNING] - urllib3.connectionpool - urlopen(812) - Retrying (Retry(total=2, connect=None, read=None, redirect=None, status=None)) after connection broken by 'NewConnectionError('<urllib3.connection.HTTPConnection object at 0x00000192E3FE4E80>: Failed to establish a new connection: [WinError 10061] Подключение не установлено, т.к. конечный компьютер отверг запрос на подключение')': /session/43fdf297f3e91c9bebbd8a1b53a6e1c2
2022-11-22 09:42:06,121 - [WARNING] - urllib3.connectionpool - urlopen(812) - Retrying (Retry(total=1, connect=None, read=None, redirect=None, status=None)) after connection broken by 'NewConnectionError('<urllib3.connection.HTTPConnection object at 0x00000192E041FBB0>: Failed to establish a new connection: [WinError 10061] Подключение не установлено, т.к. конечный компьютер отверг запрос на подключение')': /session/43fdf297f3e91c9bebbd8a1b53a6e1c2
2022-11-22 09:42:10,179 - [WARNING] - urllib3.connectionpool - urlopen(812) - Retrying (Retry(total=0, connect=None, read=None, redirect=None, status=None)) after connection broken by 'NewConnectionError('<urllib3.connection.HTTPConnection object at 0x00000192E041ED10>: Failed to establish a new connection: [WinError 10061] Подключение не установлено, т.к. конечный компьютер отверг запрос на подключение')': /session/43fdf297f3e91c9bebbd8a1b53a6e1c2
2022-11-22 09:42:24,851 - [INFO] - undetected_chromedriver.patcher - patch_exe(231) - patching driver executable C:\Users\zaitsev_ad\appdata\roaming\undetected_chromedriver\dfa0708a8bd332db_chromedriver.exe
2022-11-22 09:42:30,351 - [INFO] - main_ERKNM - __init__(56) - Начало авторизации
2022-11-22 09:42:39,972 - [INFO] - main_ERKNM - autorize(134) - Autorization successfull completed!
2022-11-22 09:42:46,500 - [WARNING] - urllib3.connectionpool - urlopen(812) - Retrying (Retry(total=2, connect=None, read=None, redirect=None, status=None)) after connection broken by 'NewConnectionError('<urllib3.connection.HTTPConnection object at 0x0000024ABE324D90>: Failed to establish a new connection: [WinError 10061] Подключение не установлено, т.к. конечный компьютер отверг запрос на подключение')': /session/5dbe947e509109d8e7af27c784028f8a
2022-11-22 09:42:50,573 - [WARNING] - urllib3.connectionpool - urlopen(812) - Retrying (Retry(total=1, connect=None, read=None, redirect=None, status=None)) after connection broken by 'NewConnectionError('<urllib3.connection.HTTPConnection object at 0x0000024ABA78FBB0>: Failed to establish a new connection: [WinError 10061] Подключение не установлено, т.к. конечный компьютер отверг запрос на подключение')': /session/5dbe947e509109d8e7af27c784028f8a
2022-11-22 09:42:54,658 - [WARNING] - urllib3.connectionpool - urlopen(812) - Retrying (Retry(total=0, connect=None, read=None, redirect=None, status=None)) after connection broken by 'NewConnectionError('<urllib3.connection.HTTPConnection object at 0x0000024ABA78ED10>: Failed to establish a new connection: [WinError 10061] Подключение не установлено, т.к. конечный компьютер отверг запрос на подключение')': /session/5dbe947e509109d8e7af27c784028f8a
2022-11-22 09:43:27,131 - [INFO] - undetected_chromedriver.patcher - patch_exe(231) - patching driver executable C:\Users\zaitsev_ad\appdata\roaming\undetected_chromedriver\d41cf3a3dbdd2b0b_chromedriver.exe
2022-11-22 09:43:32,122 - [INFO] - main_ERKNM - __init__(56) - Начало авторизации
2022-11-22 09:43:43,136 - [INFO] - main_ERKNM - autorize(134) - Autorization successfull completed!
2022-11-22 09:49:56,432 - [INFO] - undetected_chromedriver.patcher - patch_exe(231) - patching driver executable C:\Users\zaitsev_ad\appdata\roaming\undetected_chromedriver\0dc55d18f386774e_chromedriver.exe
2022-11-22 09:50:01,493 - [INFO] - main_ERKNM - __init__(56) - Начало авторизации
2022-11-22 09:50:11,883 - [INFO] - main_ERKNM - autorize(134) - Autorization successfull completed!
2022-11-22 09:50:27,665 - [INFO] - undetected_chromedriver.patcher - patch_exe(231) - patching driver executable C:\Users\zaitsev_ad\appdata\roaming\undetected_chromedriver\0e20a9ffd0fb6fe6_chromedriver.exe
2022-11-22 09:50:32,560 - [INFO] - main_ERKNM - __init__(56) - Начало авторизации
2022-11-22 09:50:41,558 - [INFO] - main_ERKNM - autorize(134) - Autorization successfull completed!
2022-11-22 09:50:48,022 - [WARNING] - urllib3.connectionpool - urlopen(812) - Retrying (Retry(total=2, connect=None, read=None, redirect=None, status=None)) after connection broken by 'NewConnectionError('<urllib3.connection.HTTPConnection object at 0x0000028F3EB21030>: Failed to establish a new connection: [WinError 10061] Подключение не установлено, т.к. конечный компьютер отверг запрос на подключение')': /session/d56babebeeb76a6391e0c11d4a4c88eb
2022-11-22 09:50:52,073 - [WARNING] - urllib3.connectionpool - urlopen(812) - Retrying (Retry(total=1, connect=None, read=None, redirect=None, status=None)) after connection broken by 'NewConnectionError('<urllib3.connection.HTTPConnection object at 0x0000028F3AF6FBB0>: Failed to establish a new connection: [WinError 10061] Подключение не установлено, т.к. конечный компьютер отверг запрос на подключение')': /session/d56babebeeb76a6391e0c11d4a4c88eb
2022-11-22 09:50:56,095 - [WARNING] - urllib3.connectionpool - urlopen(812) - Retrying (Retry(total=0, connect=None, read=None, redirect=None, status=None)) after connection broken by 'NewConnectionError('<urllib3.connection.HTTPConnection object at 0x0000028F3AF6ED10>: Failed to establish a new connection: [WinError 10061] Подключение не установлено, т.к. конечный компьютер отверг запрос на подключение')': /session/d56babebeeb76a6391e0c11d4a4c88eb
2022-11-22 10:03:16,384 - [INFO] - undetected_chromedriver.patcher - patch_exe(231) - patching driver executable C:\Users\zaitsev_ad\appdata\roaming\undetected_chromedriver\63596c4859c6df31_chromedriver.exe
2022-11-22 10:03:21,502 - [INFO] - main_ERKNM - __init__(56) - Начало авторизации
2022-11-22 10:03:30,605 - [INFO] - main_ERKNM - autorize(134) - Autorization successfull completed!
2022-11-22 10:03:37,134 - [WARNING] - urllib3.connectionpool - urlopen(812) - Retrying (Retry(total=2, connect=None, read=None, redirect=None, status=None)) after connection broken by 'NewConnectionError('<urllib3.connection.HTTPConnection object at 0x00000171D16356F0>: Failed to establish a new connection: [WinError 10061] Подключение не установлено, т.к. конечный компьютер отверг запрос на подключение')': /session/287344d4ca37e65f84070b94e97e824b
2022-11-22 10:03:41,184 - [WARNING] - urllib3.connectionpool - urlopen(812) - Retrying (Retry(total=1, connect=None, read=None, redirect=None, status=None)) after connection broken by 'NewConnectionError('<urllib3.connection.HTTPConnection object at 0x00000171CDA4FBB0>: Failed to establish a new connection: [WinError 10061] Подключение не установлено, т.к. конечный компьютер отверг запрос на подключение')': /session/287344d4ca37e65f84070b94e97e824b
2022-11-22 10:03:45,233 - [WARNING] - urllib3.connectionpool - urlopen(812) - Retrying (Retry(total=0, connect=None, read=None, redirect=None, status=None)) after connection broken by 'NewConnectionError('<urllib3.connection.HTTPConnection object at 0x00000171CDA4ED10>: Failed to establish a new connection: [WinError 10061] Подключение не установлено, т.к. конечный компьютер отверг запрос на подключение')': /session/287344d4ca37e65f84070b94e97e824b
2022-11-22 10:07:35,430 - [INFO] - undetected_chromedriver.patcher - patch_exe(231) - patching driver executable C:\Users\zaitsev_ad\appdata\roaming\undetected_chromedriver\baa2666160dbe168_chromedriver.exe
2022-11-22 10:07:50,933 - [INFO] - main_ERKNM - __init__(56) - Начало авторизации
2022-11-22 10:08:05,831 - [INFO] - main_ERKNM - autorize(134) - Autorization successfull completed!
2022-11-22 10:08:12,367 - [WARNING] - urllib3.connectionpool - urlopen(812) - Retrying (Retry(total=2, connect=None, read=None, redirect=None, status=None)) after connection broken by 'NewConnectionError('<urllib3.connection.HTTPConnection object at 0x00000150AD57D540>: Failed to establish a new connection: [WinError 10061] Подключение не установлено, т.к. конечный компьютер отверг запрос на подключение')': /session/61feda7bb661e59d54e270ba887aee4c
2022-11-22 10:08:16,410 - [WARNING] - urllib3.connectionpool - urlopen(812) - Retrying (Retry(total=1, connect=None, read=None, redirect=None, status=None)) after connection broken by 'NewConnectionError('<urllib3.connection.HTTPConnection object at 0x00000150A9A5FBB0>: Failed to establish a new connection: [WinError 10061] Подключение не установлено, т.к. конечный компьютер отверг запрос на подключение')': /session/61feda7bb661e59d54e270ba887aee4c
2022-11-22 10:08:20,467 - [WARNING] - urllib3.connectionpool - urlopen(812) - Retrying (Retry(total=0, connect=None, read=None, redirect=None, status=None)) after connection broken by 'NewConnectionError('<urllib3.connection.HTTPConnection object at 0x00000150A9A5ED10>: Failed to establish a new connection: [WinError 10061] Подключение не установлено, т.к. конечный компьютер отверг запрос на подключение')': /session/61feda7bb661e59d54e270ba887aee4c
2022-11-22 10:08:33,685 - [INFO] - undetected_chromedriver.patcher - patch_exe(231) - patching driver executable C:\Users\zaitsev_ad\appdata\roaming\undetected_chromedriver\8e0340f649c96bd5_chromedriver.exe
2022-11-22 10:08:38,668 - [INFO] - main_ERKNM - __init__(56) - Начало авторизации
2022-11-22 10:08:47,953 - [INFO] - main_ERKNM - autorize(134) - Autorization successfull completed!
2022-11-22 10:08:54,320 - [WARNING] - urllib3.connectionpool - urlopen(812) - Retrying (Retry(total=2, connect=None, read=None, redirect=None, status=None)) after connection broken by 'NewConnectionError('<urllib3.connection.HTTPConnection object at 0x000001F11CA054B0>: Failed to establish a new connection: [WinError 10061] Подключение не установлено, т.к. конечный компьютер отверг запрос на подключение')': /session/095c69f5003d4afbb9405b068f903bd9
2022-11-22 10:08:58,375 - [WARNING] - urllib3.connectionpool - urlopen(812) - Retrying (Retry(total=1, connect=None, read=None, redirect=None, status=None)) after connection broken by 'NewConnectionError('<urllib3.connection.HTTPConnection object at 0x000001F118D9FBB0>: Failed to establish a new connection: [WinError 10061] Подключение не установлено, т.к. конечный компьютер отверг запрос на подключение')': /session/095c69f5003d4afbb9405b068f903bd9
2022-11-22 10:09:02,416 - [WARNING] - urllib3.connectionpool - urlopen(812) - Retrying (Retry(total=0, connect=None, read=None, redirect=None, status=None)) after connection broken by 'NewConnectionError('<urllib3.connection.HTTPConnection object at 0x000001F118D9ED10>: Failed to establish a new connection: [WinError 10061] Подключение не установлено, т.к. конечный компьютер отверг запрос на подключение')': /session/095c69f5003d4afbb9405b068f903bd9
2022-11-22 10:09:55,921 - [INFO] - undetected_chromedriver.patcher - patch_exe(231) - patching driver executable C:\Users\zaitsev_ad\appdata\roaming\undetected_chromedriver\e3d329ccc43e2a72_chromedriver.exe
2022-11-22 10:10:00,733 - [INFO] - main_ERKNM - __init__(56) - Начало авторизации
2022-11-22 10:10:09,653 - [INFO] - main_ERKNM - autorize(134) - Autorization successfull completed!
2022-11-22 10:10:46,413 - [INFO] - undetected_chromedriver.patcher - patch_exe(231) - patching driver executable C:\Users\zaitsev_ad\appdata\roaming\undetected_chromedriver\fd43675c698f6e96_chromedriver.exe
2022-11-22 10:10:51,260 - [INFO] - main_ERKNM - __init__(56) - Начало авторизации
2022-11-22 10:11:00,858 - [INFO] - main_ERKNM - autorize(134) - Autorization successfull completed!
2022-11-22 10:12:51,348 - [INFO] - undetected_chromedriver.patcher - patch_exe(231) - patching driver executable C:\Users\zaitsev_ad\appdata\roaming\undetected_chromedriver\f8f54261cc3f4c92_chromedriver.exe
2022-11-22 10:12:56,230 - [INFO] - main_ERKNM - __init__(56) - Начало авторизации
2022-11-22 10:13:05,304 - [INFO] - main_ERKNM - autorize(134) - Autorization successfull completed!
2022-11-22 10:13:11,636 - [WARNING] - urllib3.connectionpool - urlopen(812) - Retrying (Retry(total=2, connect=None, read=None, redirect=None, status=None)) after connection broken by 'NewConnectionError('<urllib3.connection.HTTPConnection object at 0x000001F1C51DD5D0>: Failed to establish a new connection: [WinError 10061] Подключение не установлено, т.к. конечный компьютер отверг запрос на подключение')': /session/711fb537707cf64822a498ac6e307f8d
2022-11-22 10:13:15,669 - [WARNING] - urllib3.connectionpool - urlopen(812) - Retrying (Retry(total=1, connect=None, read=None, redirect=None, status=None)) after connection broken by 'NewConnectionError('<urllib3.connection.HTTPConnection object at 0x000001F1C166FBB0>: Failed to establish a new connection: [WinError 10061] Подключение не установлено, т.к. конечный компьютер отверг запрос на подключение')': /session/711fb537707cf64822a498ac6e307f8d
2022-11-22 10:13:19,725 - [WARNING] - urllib3.connectionpool - urlopen(812) - Retrying (Retry(total=0, connect=None, read=None, redirect=None, status=None)) after connection broken by 'NewConnectionError('<urllib3.connection.HTTPConnection object at 0x000001F1C166ED10>: Failed to establish a new connection: [WinError 10061] Подключение не установлено, т.к. конечный компьютер отверг запрос на подключение')': /session/711fb537707cf64822a498ac6e307f8d
2022-11-22 10:26:40,656 - [INFO] - undetected_chromedriver.patcher - patch_exe(231) - patching driver executable C:\Users\zaitsev_ad\appdata\roaming\undetected_chromedriver\7bce527f215bf33e_chromedriver.exe
2022-11-22 10:26:47,922 - [INFO] - main_ERKNM - __init__(56) - Начало авторизации
2022-11-22 10:28:18,333 - [INFO] - undetected_chromedriver.patcher - patch_exe(231) - patching driver executable C:\Users\zaitsev_ad\appdata\roaming\undetected_chromedriver\8f2cce64c8567bf4_chromedriver.exe
2022-11-22 10:28:24,712 - [INFO] - main_ERKNM - __init__(56) - Начало авторизации
2022-11-22 10:28:35,267 - [INFO] - main_ERKNM - autorize(134) - Autorization successfull completed!
2022-11-22 10:28:41,620 - [WARNING] - urllib3.connectionpool - urlopen(812) - Retrying (Retry(total=2, connect=None, read=None, redirect=None, status=None)) after connection broken by 'NewConnectionError('<urllib3.connection.HTTPConnection object at 0x000001EDB7CC3EB0>: Failed to establish a new connection: [WinError 10061] Подключение не установлено, т.к. конечный компьютер отверг запрос на подключение')': /session/33f2ec7aaa0f605a72f684ea5ebe0117
2022-11-22 10:28:45,721 - [WARNING] - urllib3.connectionpool - urlopen(812) - Retrying (Retry(total=1, connect=None, read=None, redirect=None, status=None)) after connection broken by 'NewConnectionError('<urllib3.connection.HTTPConnection object at 0x000001EDB40EFBB0>: Failed to establish a new connection: [WinError 10061] Подключение не установлено, т.к. конечный компьютер отверг запрос на подключение')': /session/33f2ec7aaa0f605a72f684ea5ebe0117
2022-11-22 10:28:49,815 - [WARNING] - urllib3.connectionpool - urlopen(812) - Retrying (Retry(total=0, connect=None, read=None, redirect=None, status=None)) after connection broken by 'NewConnectionError('<urllib3.connection.HTTPConnection object at 0x000001EDB40EED10>: Failed to establish a new connection: [WinError 10061] Подключение не установлено, т.к. конечный компьютер отверг запрос на подключение')': /session/33f2ec7aaa0f605a72f684ea5ebe0117
2022-11-22 11:19:58,956 - [INFO] - undetected_chromedriver.patcher - patch_exe(231) - patching driver executable C:\Users\zaitsev_ad\appdata\roaming\undetected_chromedriver\b897c7fab3e5bf73_chromedriver.exe
2022-11-22 11:20:05,587 - [INFO] - main_ERKNM - __init__(56) - Начало авторизации
2022-11-22 11:20:48,016 - [INFO] - undetected_chromedriver.patcher - patch_exe(231) - patching driver executable C:\Users\zaitsev_ad\appdata\roaming\undetected_chromedriver\4c605b540e32b39d_chromedriver.exe
2022-11-22 11:20:53,039 - [INFO] - main_ERKNM - __init__(56) - Начало авторизации
2022-11-22 11:21:03,006 - [INFO] - main_ERKNM - autorize(134) - Autorization successfull completed!
2022-11-22 11:21:28,637 - [INFO] - undetected_chromedriver.patcher - patch_exe(231) - patching driver executable C:\Users\zaitsev_ad\appdata\roaming\undetected_chromedriver\808945630d9bbecc_chromedriver.exe
2022-11-22 11:21:35,455 - [INFO] - main_ERKNM - __init__(56) - Начало авторизации
2022-11-22 11:21:50,201 - [INFO] - main_ERKNM - autorize(134) - Autorization successfull completed!
2022-11-22 11:22:07,566 - [INFO] - undetected_chromedriver.patcher - patch_exe(231) - patching driver executable C:\Users\zaitsev_ad\appdata\roaming\undetected_chromedriver\de9eba5fd3136f3a_chromedriver.exe
2022-11-22 11:22:12,488 - [INFO] - main_ERKNM - __init__(56) - Начало авторизации
2022-11-22 11:22:22,311 - [INFO] - main_ERKNM - autorize(134) - Autorization successfull completed!
2022-11-22 11:24:28,504 - [INFO] - undetected_chromedriver.patcher - patch_exe(231) - patching driver executable C:\Users\zaitsev_ad\appdata\roaming\undetected_chromedriver\8b1c09bf453854c5_chromedriver.exe
2022-11-22 11:24:38,099 - [INFO] - main_ERKNM - __init__(56) - Начало авторизации
2022-11-22 11:25:02,642 - [INFO] - undetected_chromedriver.patcher - patch_exe(231) - patching driver executable C:\Users\zaitsev_ad\appdata\roaming\undetected_chromedriver\dce3a02f2449edab_chromedriver.exe
2022-11-22 11:25:10,275 - [INFO] - main_ERKNM - __init__(56) - Начало авторизации
2022-11-22 11:25:29,293 - [INFO] - main_ERKNM - autorize(134) - Autorization successfull completed!
2022-11-22 11:34:05,823 - [INFO] - undetected_chromedriver.patcher - patch_exe(231) - patching driver executable C:\Users\zaitsev_ad\appdata\roaming\undetected_chromedriver\f9ea61a30b1565b0_chromedriver.exe
2022-11-22 11:34:14,133 - [INFO] - main_ERKNM - __init__(56) - Начало авторизации
2022-11-22 11:34:33,554 - [INFO] - main_ERKNM - autorize(134) - Autorization successfull completed!
2022-11-22 11:35:40,097 - [INFO] - undetected_chromedriver.patcher - patch_exe(231) - patching driver executable C:\Users\zaitsev_ad\appdata\roaming\undetected_chromedriver\ede81c8600449ada_chromedriver.exe
2022-11-22 11:35:48,980 - [INFO] - main_ERKNM - __init__(56) - Начало авторизации
2022-11-22 11:36:08,022 - [INFO] - main_ERKNM - autorize(134) - Autorization successfull completed!
2022-11-22 12:13:07,622 - [INFO] - undetected_chromedriver.patcher - patch_exe(231) - patching driver executable C:\Users\zaitsev_ad\appdata\roaming\undetected_chromedriver\460280fdde887804_chromedriver.exe
2022-11-22 12:13:16,588 - [INFO] - main_ERKNM - __init__(56) - Начало авторизации
2022-11-22 12:13:30,472 - [INFO] - main_ERKNM - autorize(134) - Autorization successfull completed!
2022-11-22 12:15:19,269 - [INFO] - undetected_chromedriver.patcher - patch_exe(231) - patching driver executable C:\Users\zaitsev_ad\appdata\roaming\undetected_chromedriver\9b7d0f095256ffe4_chromedriver.exe
2022-11-22 12:15:26,926 - [INFO] - main_ERKNM - __init__(56) - Начало авторизации
2022-11-22 12:15:41,430 - [INFO] - main_ERKNM - autorize(134) - Autorization successfull completed!
2022-11-22 13:33:53,623 - [WARNING] - urllib3.connectionpool - urlopen(812) - Retrying (Retry(total=2, connect=None, read=None, redirect=None, status=None)) after connection broken by 'NewConnectionError('<urllib3.connection.HTTPConnection object at 0x0000016A5564A890>: Failed to establish a new connection: [WinError 10061] Подключение не установлено, т.к. конечный компьютер отверг запрос на подключение')': /session/a8d3aec1a6d73ff2acdcceeeebe88601
2022-11-22 13:33:57,697 - [WARNING] - urllib3.connectionpool - urlopen(812) - Retrying (Retry(total=1, connect=None, read=None, redirect=None, status=None)) after connection broken by 'NewConnectionError('<urllib3.connection.HTTPConnection object at 0x0000016A53EF9510>: Failed to establish a new connection: [WinError 10061] Подключение не установлено, т.к. конечный компьютер отверг запрос на подключение')': /session/a8d3aec1a6d73ff2acdcceeeebe88601
2022-11-22 13:34:01,749 - [WARNING] - urllib3.connectionpool - urlopen(812) - Retrying (Retry(total=0, connect=None, read=None, redirect=None, status=None)) after connection broken by 'NewConnectionError('<urllib3.connection.HTTPConnection object at 0x0000016A51116500>: Failed to establish a new connection: [WinError 10061] Подключение не установлено, т.к. конечный компьютер отверг запрос на подключение')': /session/a8d3aec1a6d73ff2acdcceeeebe88601
2022-11-22 13:34:29,153 - [INFO] - undetected_chromedriver.patcher - patch_exe(231) - patching driver executable C:\Users\zaitsev_ad\appdata\roaming\undetected_chromedriver\d30495b76528b897_chromedriver.exe
2022-11-22 13:34:36,036 - [INFO] - main_ERKNM - __init__(56) - Начало авторизации
2022-11-22 13:34:46,490 - [INFO] - main_ERKNM - autorize(134) - Autorization successfull completed!
2022-11-22 13:58:42,683 - [WARNING] - urllib3.connectionpool - urlopen(812) - Retrying (Retry(total=2, connect=None, read=None, redirect=None, status=None)) after connection broken by 'NewConnectionError('<urllib3.connection.HTTPConnection object at 0x000001982DFF6830>: Failed to establish a new connection: [WinError 10061] Подключение не установлено, т.к. конечный компьютер отверг запрос на подключение')': /session/87fabe7be682ad3853ec79738974d9fd
2022-11-22 13:58:46,794 - [WARNING] - urllib3.connectionpool - urlopen(812) - Retrying (Retry(total=1, connect=None, read=None, redirect=None, status=None)) after connection broken by 'NewConnectionError('<urllib3.connection.HTTPConnection object at 0x000001982C8A56F0>: Failed to establish a new connection: [WinError 10061] Подключение не установлено, т.к. конечный компьютер отверг запрос на подключение')': /session/87fabe7be682ad3853ec79738974d9fd
2022-11-22 13:58:50,870 - [WARNING] - urllib3.connectionpool - urlopen(812) - Retrying (Retry(total=0, connect=None, read=None, redirect=None, status=None)) after connection broken by 'NewConnectionError('<urllib3.connection.HTTPConnection object at 0x0000019829DD6500>: Failed to establish a new connection: [WinError 10061] Подключение не установлено, т.к. конечный компьютер отверг запрос на подключение')': /session/87fabe7be682ad3853ec79738974d9fd
2022-11-22 13:59:29,486 - [INFO] - undetected_chromedriver.patcher - patch_exe(231) - patching driver executable C:\Users\zaitsev_ad\appdata\roaming\undetected_chromedriver\2e0df5b9a7fbd68d_chromedriver.exe
2022-11-22 13:59:36,807 - [INFO] - main_ERKNM - __init__(56) - Начало авторизации
2022-11-22 13:59:47,450 - [INFO] - main_ERKNM - autorize(134) - Autorization successfull completed!
2022-11-22 14:06:56,329 - [INFO] - undetected_chromedriver.patcher - patch_exe(231) - patching driver executable C:\Users\zaitsev_ad\appdata\roaming\undetected_chromedriver\bec731ad9ae93381_chromedriver.exe
2022-11-22 14:07:01,736 - [INFO] - main_ERKNM - __init__(56) - Начало авторизации
2022-11-22 14:07:12,141 - [INFO] - main_ERKNM - autorize(134) - Autorization successfull completed!
2022-11-22 14:07:46,757 - [INFO] - undetected_chromedriver.patcher - patch_exe(231) - patching driver executable C:\Users\zaitsev_ad\appdata\roaming\undetected_chromedriver\dc781bc16d236d3c_chromedriver.exe
2022-11-22 14:07:52,204 - [INFO] - main_ERKNM - __init__(56) - Начало авторизации
2022-11-22 14:08:01,939 - [INFO] - main_ERKNM - autorize(134) - Autorization successfull completed!
2022-11-22 14:08:27,200 - [INFO] - undetected_chromedriver.patcher - patch_exe(231) - patching driver executable C:\Users\zaitsev_ad\appdata\roaming\undetected_chromedriver\397c6c7e7a385aee_chromedriver.exe
2022-11-22 14:08:32,334 - [INFO] - main_ERKNM - __init__(56) - Начало авторизации
2022-11-22 14:08:41,917 - [INFO] - main_ERKNM - autorize(134) - Autorization successfull completed!
2022-11-22 14:09:40,567 - [INFO] - undetected_chromedriver.patcher - patch_exe(231) - patching driver executable C:\Users\zaitsev_ad\appdata\roaming\undetected_chromedriver\11e02cd62cc6bb79_chromedriver.exe
2022-11-22 14:09:45,655 - [INFO] - main_ERKNM - __init__(56) - Начало авторизации
2022-11-22 14:09:55,599 - [INFO] - main_ERKNM - autorize(134) - Autorization successfull completed!
2022-11-22 14:26:20,263 - [INFO] - undetected_chromedriver.patcher - patch_exe(231) - patching driver executable C:\Users\zaitsev_ad\appdata\roaming\undetected_chromedriver\19e937e70d4d4826_chromedriver.exe
2022-11-22 14:26:27,152 - [INFO] - main_ERKNM - __init__(56) - Начало авторизации
2022-11-22 14:26:38,487 - [INFO] - main_ERKNM - autorize(134) - Autorization successfull completed!
2022-11-22 15:07:39,240 - [INFO] - undetected_chromedriver.patcher - patch_exe(231) - patching driver executable C:\Users\zaitsev_ad\appdata\roaming\undetected_chromedriver\7dd1aa8b441b6e22_chromedriver.exe
2022-11-22 15:08:22,641 - [INFO] - undetected_chromedriver.patcher - patch_exe(231) - patching driver executable C:\Users\zaitsev_ad\appdata\roaming\undetected_chromedriver\b0f457b0d3d1e671_chromedriver.exe
2022-11-22 15:08:30,006 - [INFO] - main_ERKNM - __init__(56) - Начало авторизации
2022-11-22 15:08:40,540 - [INFO] - main_ERKNM - autorize(134) - Autorization successfull completed!
