2022-11-23 11:17:11,438 - [INFO] - undetected_chromedriver.patcher - patch_exe(231) - patching driver executable C:\Users\zaitsev_ad\appdata\roaming\undetected_chromedriver\7df2767b861d058e_chromedriver.exe
2022-11-23 11:17:18,611 - [INFO] - main_ERKNM - __init__(56) - Начало авторизации
2022-11-23 11:17:29,323 - [INFO] - main_ERKNM - autorize(134) - Autorization successfull completed!
2022-11-23 11:19:44,306 - [INFO] - undetected_chromedriver.patcher - patch_exe(231) - patching driver executable C:\Users\zaitsev_ad\appdata\roaming\undetected_chromedriver\d2c9b1acee04f461_chromedriver.exe
2022-11-23 11:19:50,310 - [INFO] - main_ERKNM - __init__(56) - Начало авторизации
2022-11-23 11:20:01,226 - [INFO] - main_ERKNM - autorize(134) - Autorization successfull completed!
2022-11-23 17:52:47,739 - [INFO] - undetected_chromedriver.patcher - patch_exe(231) - patching driver executable C:\Users\zaitsev_ad\appdata\roaming\undetected_chromedriver\cb84eb49c573af09_chromedriver.exe
2022-11-23 17:52:56,245 - [INFO] - main_ERKNM - __init__(56) - Начало авторизации
2022-11-23 17:53:06,579 - [INFO] - main_ERKNM - autorize(134) - Autorization successfull completed!
2022-11-23 17:54:08,827 - [INFO] - undetected_chromedriver.patcher - patch_exe(231) - patching driver executable C:\Users\zaitsev_ad\appdata\roaming\undetected_chromedriver\201af764b3a8cb3b_chromedriver.exe
2022-11-23 17:54:14,399 - [INFO] - main_ERKNM - __init__(56) - Начало авторизации
2022-11-23 17:54:24,813 - [INFO] - main_ERKNM - autorize(134) - Autorization successfull completed!
2022-11-23 17:55:31,359 - [INFO] - undetected_chromedriver.patcher - patch_exe(231) - patching driver executable C:\Users\zaitsev_ad\appdata\roaming\undetected_chromedriver\46416fc459b36e83_chromedriver.exe
2022-11-23 17:55:36,694 - [INFO] - main_ERKNM - __init__(56) - Начало авторизации
2022-11-23 17:55:46,132 - [INFO] - main_ERKNM - autorize(134) - Autorization successfull completed!
2022-11-23 17:56:55,638 - [INFO] - undetected_chromedriver.patcher - patch_exe(231) - patching driver executable C:\Users\zaitsev_ad\appdata\roaming\undetected_chromedriver\f88fd4b39fac4394_chromedriver.exe
2022-11-23 17:57:00,828 - [INFO] - main_ERKNM - __init__(56) - Начало авторизации
2022-11-23 17:57:09,882 - [INFO] - main_ERKNM - autorize(134) - Autorization successfull completed!
2022-11-23 17:58:09,512 - [INFO] - undetected_chromedriver.patcher - patch_exe(231) - patching driver executable C:\Users\zaitsev_ad\appdata\roaming\undetected_chromedriver\830788dd8b7da9dc_chromedriver.exe
2022-11-23 17:58:15,534 - [INFO] - main_ERKNM - __init__(56) - Начало авторизации
2022-11-23 17:58:24,812 - [INFO] - main_ERKNM - autorize(134) - Autorization successfull completed!
2022-11-23 18:27:39,566 - [INFO] - undetected_chromedriver.patcher - patch_exe(231) - patching driver executable C:\Users\zaitsev_ad\appdata\roaming\undetected_chromedriver\c210419387a6d5ad_chromedriver.exe
2022-11-23 18:27:56,524 - [INFO] - undetected_chromedriver.patcher - patch_exe(231) - patching driver executable C:\Users\zaitsev_ad\appdata\roaming\undetected_chromedriver\2aa2ec4fb33010b8_chromedriver.exe
2022-11-23 18:28:03,392 - [INFO] - main_ERKNM - __init__(56) - Начало авторизации
2022-11-23 18:28:13,950 - [INFO] - main_ERKNM - autorize(134) - Autorization successfull completed!
2022-11-23 18:31:39,591 - [INFO] - undetected_chromedriver.patcher - patch_exe(231) - patching driver executable C:\Users\zaitsev_ad\appdata\roaming\undetected_chromedriver\50124ea10be244b4_chromedriver.exe
2022-11-23 18:31:45,479 - [INFO] - main_ERKNM - __init__(56) - Начало авторизации
2022-11-23 18:31:54,834 - [INFO] - main_ERKNM - autorize(134) - Autorization successfull completed!
2022-11-23 18:32:18,434 - [INFO] - undetected_chromedriver.patcher - patch_exe(231) - patching driver executable C:\Users\zaitsev_ad\appdata\roaming\undetected_chromedriver\eba13ff5b37e0a1b_chromedriver.exe
2022-11-23 18:32:23,499 - [INFO] - main_ERKNM - __init__(56) - Начало авторизации
2022-11-23 18:32:31,948 - [INFO] - undetected_chromedriver.patcher - patch_exe(231) - patching driver executable C:\Users\zaitsev_ad\appdata\roaming\undetected_chromedriver\5454e6b1ab3e0f25_chromedriver.exe
2022-11-23 18:32:36,901 - [INFO] - main_ERKNM - __init__(56) - Начало авторизации
2022-11-23 18:32:46,650 - [INFO] - main_ERKNM - autorize(134) - Autorization successfull completed!
2022-11-23 18:49:46,554 - [INFO] - undetected_chromedriver.patcher - patch_exe(231) - patching driver executable C:\Users\zaitsev_ad\appdata\roaming\undetected_chromedriver\9a7fa799124c5107_chromedriver.exe
2022-11-23 18:49:54,546 - [INFO] - main_ERKNM - __init__(56) - Начало авторизации
2022-11-23 18:50:05,628 - [INFO] - main_ERKNM - autorize(134) - Autorization successfull completed!
2022-11-23 18:52:54,603 - [WARNING] - urllib3.connectionpool - urlopen(812) - Retrying (Retry(total=2, connect=None, read=None, redirect=None, status=None)) after connection broken by 'NewConnectionError('<urllib3.connection.HTTPConnection object at 0x000001E9A9074400>: Failed to establish a new connection: [WinError 10061] Подключение не установлено, т.к. конечный компьютер отверг запрос на подключение')': /session/ed9dd98321b83386696e66eb38edc504
2022-11-23 18:52:58,660 - [WARNING] - urllib3.connectionpool - urlopen(812) - Retrying (Retry(total=1, connect=None, read=None, redirect=None, status=None)) after connection broken by 'NewConnectionError('<urllib3.connection.HTTPConnection object at 0x000001E9A8293880>: Failed to establish a new connection: [WinError 10061] Подключение не установлено, т.к. конечный компьютер отверг запрос на подключение')': /session/ed9dd98321b83386696e66eb38edc504
2022-11-23 18:53:02,697 - [WARNING] - urllib3.connectionpool - urlopen(812) - Retrying (Retry(total=0, connect=None, read=None, redirect=None, status=None)) after connection broken by 'NewConnectionError('<urllib3.connection.HTTPConnection object at 0x000001E9A772F250>: Failed to establish a new connection: [WinError 10061] Подключение не установлено, т.к. конечный компьютер отверг запрос на подключение')': /session/ed9dd98321b83386696e66eb38edc504
2022-11-23 18:59:50,204 - [INFO] - undetected_chromedriver.patcher - patch_exe(231) - patching driver executable C:\Users\zaitsev_ad\appdata\roaming\undetected_chromedriver\c8380c2e57b9a4cc_chromedriver.exe
2022-11-23 18:59:59,062 - [INFO] - main_ERKNM - __init__(56) - Начало авторизации
2022-11-23 19:00:08,694 - [INFO] - main_ERKNM - autorize(134) - Autorization successfull completed!
2022-11-23 19:01:44,814 - [WARNING] - urllib3.connectionpool - urlopen(812) - Retrying (Retry(total=2, connect=None, read=None, redirect=None, status=None)) after connection broken by 'NewConnectionError('<urllib3.connection.HTTPConnection object at 0x000001DFC62202E0>: Failed to establish a new connection: [WinError 10061] Подключение не установлено, т.к. конечный компьютер отверг запрос на подключение')': /session/73ba76f077b7450db6ce890a1bf0ae43
2022-11-23 19:01:48,866 - [WARNING] - urllib3.connectionpool - urlopen(812) - Retrying (Retry(total=1, connect=None, read=None, redirect=None, status=None)) after connection broken by 'NewConnectionError('<urllib3.connection.HTTPConnection object at 0x000001DFC4B17580>: Failed to establish a new connection: [WinError 10061] Подключение не установлено, т.к. конечный компьютер отверг запрос на подключение')': /session/73ba76f077b7450db6ce890a1bf0ae43
2022-11-23 19:01:52,927 - [WARNING] - urllib3.connectionpool - urlopen(812) - Retrying (Retry(total=0, connect=None, read=None, redirect=None, status=None)) after connection broken by 'NewConnectionError('<urllib3.connection.HTTPConnection object at 0x000001DFC2086500>: Failed to establish a new connection: [WinError 10061] Подключение не установлено, т.к. конечный компьютер отверг запрос на подключение')': /session/73ba76f077b7450db6ce890a1bf0ae43
2022-11-23 19:06:24,583 - [INFO] - undetected_chromedriver.patcher - patch_exe(231) - patching driver executable C:\Users\zaitsev_ad\appdata\roaming\undetected_chromedriver\cee54a4367bf9a96_chromedriver.exe
2022-11-23 19:06:31,643 - [INFO] - main_ERKNM - __init__(56) - Начало авторизации
2022-11-23 19:06:41,450 - [INFO] - main_ERKNM - autorize(134) - Autorization successfull completed!
2022-11-23 19:06:56,744 - [INFO] - undetected_chromedriver.patcher - patch_exe(231) - patching driver executable C:\Users\zaitsev_ad\appdata\roaming\undetected_chromedriver\9c04a4f41e4f243f_chromedriver.exe
2022-11-23 19:07:03,239 - [INFO] - main_ERKNM - __init__(56) - Начало авторизации
2022-11-23 19:07:12,872 - [INFO] - main_ERKNM - autorize(134) - Autorization successfull completed!
2022-11-23 19:07:37,563 - [INFO] - undetected_chromedriver.patcher - patch_exe(231) - patching driver executable C:\Users\zaitsev_ad\appdata\roaming\undetected_chromedriver\4ec41988ed437316_chromedriver.exe
2022-11-23 19:07:44,409 - [INFO] - main_ERKNM - __init__(56) - Начало авторизации
2022-11-23 19:07:54,548 - [INFO] - main_ERKNM - autorize(134) - Autorization successfull completed!
2022-11-23 19:08:09,556 - [INFO] - undetected_chromedriver.patcher - patch_exe(231) - patching driver executable C:\Users\zaitsev_ad\appdata\roaming\undetected_chromedriver\e943d1457c3dab97_chromedriver.exe
2022-11-23 19:08:16,113 - [INFO] - main_ERKNM - __init__(56) - Начало авторизации
2022-11-23 19:08:26,672 - [INFO] - main_ERKNM - autorize(134) - Autorization successfull completed!
2022-11-23 19:08:49,247 - [INFO] - undetected_chromedriver.patcher - patch_exe(231) - patching driver executable C:\Users\zaitsev_ad\appdata\roaming\undetected_chromedriver\a88d7f291048ed4c_chromedriver.exe
2022-11-23 19:08:54,794 - [INFO] - main_ERKNM - __init__(56) - Начало авторизации
2022-11-23 19:09:04,134 - [INFO] - main_ERKNM - autorize(134) - Autorization successfull completed!
2022-11-23 19:09:45,534 - [INFO] - undetected_chromedriver.patcher - patch_exe(231) - patching driver executable C:\Users\zaitsev_ad\appdata\roaming\undetected_chromedriver\3302a910f2287de9_chromedriver.exe
2022-11-23 19:09:52,071 - [INFO] - main_ERKNM - __init__(56) - Начало авторизации
2022-11-23 19:10:02,997 - [INFO] - main_ERKNM - autorize(134) - Autorization successfull completed!
2022-11-23 19:10:43,453 - [WARNING] - urllib3.connectionpool - urlopen(812) - Retrying (Retry(total=2, connect=None, read=None, redirect=None, status=None)) after connection broken by 'NewConnectionError('<urllib3.connection.HTTPConnection object at 0x000001DEC8080610>: Failed to establish a new connection: [WinError 10061] Подключение не установлено, т.к. конечный компьютер отверг запрос на подключение')': /session/0eefcd886a4bbc760040589ea16ab6c4
2022-11-23 19:10:47,561 - [WARNING] - urllib3.connectionpool - urlopen(812) - Retrying (Retry(total=1, connect=None, read=None, redirect=None, status=None)) after connection broken by 'NewConnectionError('<urllib3.connection.HTTPConnection object at 0x000001DEC80316C0>: Failed to establish a new connection: [WinError 10061] Подключение не установлено, т.к. конечный компьютер отверг запрос на подключение')': /session/0eefcd886a4bbc760040589ea16ab6c4
2022-11-23 19:10:51,603 - [WARNING] - urllib3.connectionpool - urlopen(812) - Retrying (Retry(total=0, connect=None, read=None, redirect=None, status=None)) after connection broken by 'NewConnectionError('<urllib3.connection.HTTPConnection object at 0x000001DEC8031240>: Failed to establish a new connection: [WinError 10061] Подключение не установлено, т.к. конечный компьютер отверг запрос на подключение')': /session/0eefcd886a4bbc760040589ea16ab6c4
2022-11-23 19:11:05,315 - [INFO] - undetected_chromedriver.patcher - patch_exe(231) - patching driver executable C:\Users\zaitsev_ad\appdata\roaming\undetected_chromedriver\1afe3ff473f22403_chromedriver.exe
2022-11-23 19:11:11,773 - [INFO] - main_ERKNM - __init__(56) - Начало авторизации
2022-11-23 19:11:21,440 - [INFO] - main_ERKNM - autorize(134) - Autorization successfull completed!
2022-11-23 19:11:35,111 - [INFO] - undetected_chromedriver.patcher - patch_exe(231) - patching driver executable C:\Users\zaitsev_ad\appdata\roaming\undetected_chromedriver\bf949a779c335b0e_chromedriver.exe
2022-11-23 19:11:40,795 - [INFO] - main_ERKNM - __init__(56) - Начало авторизации
2022-11-23 19:11:53,352 - [INFO] - main_ERKNM - autorize(134) - Autorization successfull completed!
2022-11-23 19:12:07,000 - [INFO] - undetected_chromedriver.patcher - patch_exe(231) - patching driver executable C:\Users\zaitsev_ad\appdata\roaming\undetected_chromedriver\67c58d07f229427c_chromedriver.exe
2022-11-23 19:12:13,215 - [INFO] - main_ERKNM - __init__(56) - Начало авторизации
2022-11-23 19:12:23,313 - [INFO] - main_ERKNM - autorize(134) - Autorization successfull completed!
2022-11-23 19:12:35,221 - [WARNING] - urllib3.connectionpool - urlopen(812) - Retrying (Retry(total=2, connect=None, read=None, redirect=None, status=None)) after connection broken by 'NewConnectionError('<urllib3.connection.HTTPConnection object at 0x000001DEC8080DF0>: Failed to establish a new connection: [WinError 10061] Подключение не установлено, т.к. конечный компьютер отверг запрос на подключение')': /session/4a6a40860d9135565d44cd8989d8b6b0
2022-11-23 19:12:39,302 - [WARNING] - urllib3.connectionpool - urlopen(812) - Retrying (Retry(total=1, connect=None, read=None, redirect=None, status=None)) after connection broken by 'NewConnectionError('<urllib3.connection.HTTPConnection object at 0x000001DEC4413BB0>: Failed to establish a new connection: [WinError 10061] Подключение не установлено, т.к. конечный компьютер отверг запрос на подключение')': /session/4a6a40860d9135565d44cd8989d8b6b0
2022-11-23 19:12:43,341 - [WARNING] - urllib3.connectionpool - urlopen(812) - Retrying (Retry(total=0, connect=None, read=None, redirect=None, status=None)) after connection broken by 'NewConnectionError('<urllib3.connection.HTTPConnection object at 0x000001DEC4412D10>: Failed to establish a new connection: [WinError 10061] Подключение не установлено, т.к. конечный компьютер отверг запрос на подключение')': /session/4a6a40860d9135565d44cd8989d8b6b0
2022-11-23 19:12:55,539 - [WARNING] - urllib3.connectionpool - urlopen(812) - Retrying (Retry(total=2, connect=None, read=None, redirect=None, status=None)) after connection broken by 'NewConnectionError('<urllib3.connection.HTTPConnection object at 0x000001DEC80815A0>: Failed to establish a new connection: [WinError 10061] Подключение не установлено, т.к. конечный компьютер отверг запрос на подключение')': /session/f44c904b36be71ba89cb1c0db987faa6
2022-11-23 19:12:59,581 - [WARNING] - urllib3.connectionpool - urlopen(812) - Retrying (Retry(total=1, connect=None, read=None, redirect=None, status=None)) after connection broken by 'NewConnectionError('<urllib3.connection.HTTPConnection object at 0x000001DEC4450E20>: Failed to establish a new connection: [WinError 10061] Подключение не установлено, т.к. конечный компьютер отверг запрос на подключение')': /session/f44c904b36be71ba89cb1c0db987faa6
2022-11-23 19:13:03,628 - [WARNING] - urllib3.connectionpool - urlopen(812) - Retrying (Retry(total=0, connect=None, read=None, redirect=None, status=None)) after connection broken by 'NewConnectionError('<urllib3.connection.HTTPConnection object at 0x000001DEC4450F70>: Failed to establish a new connection: [WinError 10061] Подключение не установлено, т.к. конечный компьютер отверг запрос на подключение')': /session/f44c904b36be71ba89cb1c0db987faa6
2022-11-23 19:13:15,822 - [WARNING] - urllib3.connectionpool - urlopen(812) - Retrying (Retry(total=2, connect=None, read=None, redirect=None, status=None)) after connection broken by 'NewConnectionError('<urllib3.connection.HTTPConnection object at 0x000001DEC8080610>: Failed to establish a new connection: [WinError 10061] Подключение не установлено, т.к. конечный компьютер отверг запрос на подключение')': /session/1f9b27353bad405552fd0646062b2e62
2022-11-23 19:13:19,872 - [WARNING] - urllib3.connectionpool - urlopen(812) - Retrying (Retry(total=1, connect=None, read=None, redirect=None, status=None)) after connection broken by 'NewConnectionError('<urllib3.connection.HTTPConnection object at 0x000001DEC80322C0>: Failed to establish a new connection: [WinError 10061] Подключение не установлено, т.к. конечный компьютер отверг запрос на подключение')': /session/1f9b27353bad405552fd0646062b2e62
2022-11-23 19:13:23,925 - [WARNING] - urllib3.connectionpool - urlopen(812) - Retrying (Retry(total=0, connect=None, read=None, redirect=None, status=None)) after connection broken by 'NewConnectionError('<urllib3.connection.HTTPConnection object at 0x000001DEC44565F0>: Failed to establish a new connection: [WinError 10061] Подключение не установлено, т.к. конечный компьютер отверг запрос на подключение')': /session/1f9b27353bad405552fd0646062b2e62
2022-11-23 19:13:36,796 - [WARNING] - urllib3.connectionpool - urlopen(812) - Retrying (Retry(total=2, connect=None, read=None, redirect=None, status=None)) after connection broken by 'NewConnectionError('<urllib3.connection.HTTPConnection object at 0x000001DEC8082050>: Failed to establish a new connection: [WinError 10061] Подключение не установлено, т.к. конечный компьютер отверг запрос на подключение')': /session/96aa44bf52539dfb5749d7cfb6933ea1
2022-11-23 19:13:40,851 - [WARNING] - urllib3.connectionpool - urlopen(812) - Retrying (Retry(total=1, connect=None, read=None, redirect=None, status=None)) after connection broken by 'NewConnectionError('<urllib3.connection.HTTPConnection object at 0x000001DEC3F756F0>: Failed to establish a new connection: [WinError 10061] Подключение не установлено, т.к. конечный компьютер отверг запрос на подключение')': /session/96aa44bf52539dfb5749d7cfb6933ea1
2022-11-23 19:13:44,918 - [WARNING] - urllib3.connectionpool - urlopen(812) - Retrying (Retry(total=0, connect=None, read=None, redirect=None, status=None)) after connection broken by 'NewConnectionError('<urllib3.connection.HTTPConnection object at 0x000001DEC724D180>: Failed to establish a new connection: [WinError 10061] Подключение не установлено, т.к. конечный компьютер отверг запрос на подключение')': /session/96aa44bf52539dfb5749d7cfb6933ea1
